#
# There is insufficient memory for the Java Runtime Environment to continue.
# Native memory allocation (malloc) failed to allocate 611376 bytes for Chunk::new
# Possible reasons:
#   The system is out of physical RAM or swap space
#   In 32 bit mode, the process size limit was hit
# Possible solutions:
#   Reduce memory load on the system
#   Increase physical memory or swap space
#   Check if swap backing store is full
#   Use 64 bit Java on a 64 bit OS
#   Decrease Java heap size (-Xmx/-Xms)
#   Decrease number of Java threads
#   Decrease Java thread stack sizes (-Xss)
#   Set larger code cache with -XX:ReservedCodeCacheSize=
# This output file may be truncated or incomplete.
#
#  Out of Memory Error (allocation.cpp:390), pid=5924, tid=0x00000000000037b8
#
# JRE version: Java(TM) SE Runtime Environment (8.0_181-b13) (build 1.8.0_181-b13)
# Java VM: Java HotSpot(TM) 64-Bit Server VM (25.181-b13 mixed mode windows-amd64 compressed oops)
# Failed to write core dump. Minidumps are not enabled by default on client versions of Windows
#

---------------  T H R E A D  ---------------

Current thread (0x0000000017bca800):  JavaThread "C2 CompilerThread1" daemon [_thread_in_native, id=14264, stack(0x0000000019300000,0x0000000019400000)]

Stack: [0x0000000019300000,0x0000000019400000]
[error occurred during error reporting (printing stack bounds), id 0xc0000005]

Native frames: (J=compiled Java code, j=interpreted, Vv=VM code, C=native code)


Current CompileTask:
C2:   2660 2359       4       org.springframework.boot.autoconfigure.condition.BeanTypeRegistry$$Lambda$154/2107543287::accept (12 bytes)


---------------  P R O C E S S  ---------------

Java Threads: ( => current thread )
  0x0000000019530800 JavaThread "Service Thread" daemon [_thread_blocked, id=1048, stack(0x0000000019900000,0x0000000019a00000)]
  0x0000000017bd1000 JavaThread "C1 CompilerThread2" daemon [_thread_in_native, id=18684, stack(0x0000000019400000,0x0000000019500000)]
=>0x0000000017bca800 JavaThread "C2 CompilerThread1" daemon [_thread_in_native, id=14264, stack(0x0000000019300000,0x0000000019400000)]
  0x0000000017bc8800 JavaThread "C2 CompilerThread0" daemon [_thread_blocked, id=11128, stack(0x0000000019200000,0x0000000019300000)]
  0x0000000017bc5000 JavaThread "Attach Listener" daemon [_thread_blocked, id=12960, stack(0x0000000019100000,0x0000000019200000)]
  0x0000000017bc1800 JavaThread "Signal Dispatcher" daemon [_thread_blocked, id=10936, stack(0x0000000019000000,0x0000000019100000)]
  0x000000000306a800 JavaThread "Finalizer" daemon [_thread_blocked, id=18864, stack(0x0000000018e10000,0x0000000018f10000)]
  0x0000000003066000 JavaThread "Reference Handler" daemon [_thread_blocked, id=14088, stack(0x0000000018d10000,0x0000000018e10000)]
  0x0000000002f76000 JavaThread "main" [_thread_in_Java, id=16160, stack(0x0000000002e70000,0x0000000002f70000)]

Other Threads:
  0x0000000017b87800 VMThread [stack: 0x0000000018c10000,0x0000000018d10000] [id=18260]
  0x0000000019555800 WatcherThread [stack: 0x0000000019a00000,0x0000000019b00000] [id=13332]

VM state:not at safepoint (normal execution)

VM Mutex/Monitor currently owned by a thread: None

Heap:
 PSYoungGen      total 38400K, used 31512K [0x00000000d5d80000, 0x00000000da300000, 0x0000000100000000)
  eden space 33280K, 82% used [0x00000000d5d80000,0x00000000d784be28,0x00000000d7e00000)
  from space 5120K, 79% used [0x00000000d7e00000,0x00000000d81fa208,0x00000000d8300000)
  to   space 9216K, 0% used [0x00000000d9a00000,0x00000000d9a00000,0x00000000da300000)
 ParOldGen       total 56320K, used 6806K [0x0000000081800000, 0x0000000084f00000, 0x00000000d5d80000)
  object space 56320K, 12% used [0x0000000081800000,0x0000000081ea5a88,0x0000000084f00000)
 Metaspace       used 26430K, capacity 27378K, committed 27568K, reserved 1073152K
  class space    used 3423K, capacity 3648K, committed 3760K, reserved 1048576K

Card table byte_map: [0x0000000012430000,0x0000000012830000] byte_map_base: 0x0000000012024000

Marking Bits: (ParMarkBitMap*) 0x0000000068d82d00
 Begin Bits: [0x0000000012ee0000, 0x0000000014e80000)
 End Bits:   [0x0000000014e80000, 0x0000000016e20000)

Polling page: 0x0000000001100000

CodeCache: size=245760Kb used=8497Kb max_used=8497Kb free=237262Kb
 bounds [0x0000000003070000, 0x00000000038d0000, 0x0000000012070000]
 total_blobs=2794 nmethods=2404 adapters=302
 compilation: enabled

Compilation events (10 events):
Event: 2.640 Thread 0x0000000017bd1000 2395       3       org.springframework.asm.Frame::execute (2252 bytes)
Event: 2.647 Thread 0x0000000017bd1000 nmethod 2395 0x00000000038b40d0 code [0x00000000038b4e40, 0x00000000038ba4b8]
Event: 2.648 Thread 0x0000000017bd1000 2399       3       org.springframework.asm.ClassWriter::get (49 bytes)
Event: 2.648 Thread 0x0000000017bd1000 nmethod 2399 0x00000000038b0b50 code [0x00000000038b0ce0, 0x00000000038b1068]
Event: 2.648 Thread 0x0000000017bd1000 2400       3       org.springframework.asm.Item::set (219 bytes)
Event: 2.648 Thread 0x0000000017bd1000 nmethod 2400 0x00000000038b0010 code [0x00000000038b01c0, 0x00000000038b0878]
Event: 2.648 Thread 0x0000000017bd1000 2401       3       org.springframework.asm.Item::isEqualTo (354 bytes)
Event: 2.649 Thread 0x0000000017bd1000 nmethod 2401 0x00000000038aed50 code [0x00000000038aef80, 0x00000000038afc48]
Event: 2.649 Thread 0x0000000017bd1000 2397       3       org.springframework.asm.Label::getFirst (19 bytes)
Event: 2.649 Thread 0x0000000017bd1000 nmethod 2397 0x00000000038bd890 code [0x00000000038bd9e0, 0x00000000038bdb90]

GC Heap History (10 events):
Event: 1.147 GC heap before
{Heap before GC invocations=2 (full 0):
 PSYoungGen      total 38400K, used 38140K [0x00000000d5d80000, 0x00000000d8800000, 0x0000000100000000)
  eden space 33280K, 100% used [0x00000000d5d80000,0x00000000d7e00000,0x00000000d7e00000)
  from space 5120K, 94% used [0x00000000d7e00000,0x00000000d82bf068,0x00000000d8300000)
  to   space 5120K, 0% used [0x00000000d8300000,0x00000000d8300000,0x00000000d8800000)
 ParOldGen       total 87552K, used 17K [0x0000000081800000, 0x0000000086d80000, 0x00000000d5d80000)
  object space 87552K, 0% used [0x0000000081800000,0x00000000818046f8,0x0000000086d80000)
 Metaspace       used 13752K, capacity 14170K, committed 14336K, reserved 1060864K
  class space    used 1811K, capacity 1946K, committed 2048K, reserved 1048576K
Event: 1.157 GC heap after
Heap after GC invocations=2 (full 0):
 PSYoungGen      total 38400K, used 5113K [0x00000000d5d80000, 0x00000000d8800000, 0x0000000100000000)
  eden space 33280K, 0% used [0x00000000d5d80000,0x00000000d5d80000,0x00000000d7e00000)
  from space 5120K, 99% used [0x00000000d8300000,0x00000000d87fe688,0x00000000d8800000)
  to   space 5120K, 0% used [0x00000000d7e00000,0x00000000d7e00000,0x00000000d8300000)
 ParOldGen       total 87552K, used 659K [0x0000000081800000, 0x0000000086d80000, 0x00000000d5d80000)
  object space 87552K, 0% used [0x0000000081800000,0x00000000818a4f60,0x0000000086d80000)
 Metaspace       used 13752K, capacity 14170K, committed 14336K, reserved 1060864K
  class space    used 1811K, capacity 1946K, committed 2048K, reserved 1048576K
}
Event: 1.487 GC heap before
{Heap before GC invocations=3 (full 0):
 PSYoungGen      total 38400K, used 38393K [0x00000000d5d80000, 0x00000000d8800000, 0x0000000100000000)
  eden space 33280K, 100% used [0x00000000d5d80000,0x00000000d7e00000,0x00000000d7e00000)
  from space 5120K, 99% used [0x00000000d8300000,0x00000000d87fe688,0x00000000d8800000)
  to   space 5120K, 0% used [0x00000000d7e00000,0x00000000d7e00000,0x00000000d8300000)
 ParOldGen       total 87552K, used 659K [0x0000000081800000, 0x0000000086d80000, 0x00000000d5d80000)
  object space 87552K, 0% used [0x0000000081800000,0x00000000818a4f60,0x0000000086d80000)
 Metaspace       used 18785K, capacity 19272K, committed 19456K, reserved 1067008K
  class space    used 2408K, capacity 2529K, committed 2560K, reserved 1048576K
Event: 1.496 GC heap after
Heap after GC invocations=3 (full 0):
 PSYoungGen      total 38400K, used 5094K [0x00000000d5d80000, 0x00000000d8800000, 0x0000000100000000)
  eden space 33280K, 0% used [0x00000000d5d80000,0x00000000d5d80000,0x00000000d7e00000)
  from space 5120K, 99% used [0x00000000d7e00000,0x00000000d82f9b48,0x00000000d8300000)
  to   space 5120K, 0% used [0x00000000d8300000,0x00000000d8300000,0x00000000d8800000)
 ParOldGen       total 87552K, used 3724K [0x0000000081800000, 0x0000000086d80000, 0x00000000d5d80000)
  object space 87552K, 4% used [0x0000000081800000,0x0000000081ba3350,0x0000000086d80000)
 Metaspace       used 18785K, capacity 19272K, committed 19456K, reserved 1067008K
  class space    used 2408K, capacity 2529K, committed 2560K, reserved 1048576K
}
Event: 1.673 GC heap before
{Heap before GC invocations=4 (full 0):
 PSYoungGen      total 38400K, used 25809K [0x00000000d5d80000, 0x00000000d8800000, 0x0000000100000000)
  eden space 33280K, 62% used [0x00000000d5d80000,0x00000000d71ba990,0x00000000d7e00000)
  from space 5120K, 99% used [0x00000000d7e00000,0x00000000d82f9b48,0x00000000d8300000)
  to   space 5120K, 0% used [0x00000000d8300000,0x00000000d8300000,0x00000000d8800000)
 ParOldGen       total 87552K, used 3724K [0x0000000081800000, 0x0000000086d80000, 0x00000000d5d80000)
  object space 87552K, 4% used [0x0000000081800000,0x0000000081ba3350,0x0000000086d80000)
 Metaspace       used 20621K, capacity 21178K, committed 21296K, reserved 1067008K
  class space    used 2649K, capacity 2820K, committed 2864K, reserved 1048576K
Event: 1.682 GC heap after
Heap after GC invocations=4 (full 0):
 PSYoungGen      total 38400K, used 5097K [0x00000000d5d80000, 0x00000000d8800000, 0x0000000100000000)
  eden space 33280K, 0% used [0x00000000d5d80000,0x00000000d5d80000,0x00000000d7e00000)
  from space 5120K, 99% used [0x00000000d8300000,0x00000000d87fa420,0x00000000d8800000)
  to   space 5120K, 0% used [0x00000000d7e00000,0x00000000d7e00000,0x00000000d8300000)
 ParOldGen       total 87552K, used 5545K [0x0000000081800000, 0x0000000086d80000, 0x00000000d5d80000)
  object space 87552K, 6% used [0x0000000081800000,0x0000000081d6a680,0x0000000086d80000)
 Metaspace       used 20621K, capacity 21178K, committed 21296K, reserved 1067008K
  class space    used 2649K, capacity 2820K, committed 2864K, reserved 1048576K
}
Event: 1.682 GC heap before
{Heap before GC invocations=5 (full 1):
 PSYoungGen      total 38400K, used 5097K [0x00000000d5d80000, 0x00000000d8800000, 0x0000000100000000)
  eden space 33280K, 0% used [0x00000000d5d80000,0x00000000d5d80000,0x00000000d7e00000)
  from space 5120K, 99% used [0x00000000d8300000,0x00000000d87fa420,0x00000000d8800000)
  to   space 5120K, 0% used [0x00000000d7e00000,0x00000000d7e00000,0x00000000d8300000)
 ParOldGen       total 87552K, used 5545K [0x0000000081800000, 0x0000000086d80000, 0x00000000d5d80000)
  object space 87552K, 6% used [0x0000000081800000,0x0000000081d6a680,0x0000000086d80000)
 Metaspace       used 20621K, capacity 21178K, committed 21296K, reserved 1067008K
  class space    used 2649K, capacity 2820K, committed 2864K, reserved 1048576K
Event: 1.712 GC heap after
Heap after GC invocations=5 (full 1):
 PSYoungGen      total 38400K, used 0K [0x00000000d5d80000, 0x00000000d8800000, 0x0000000100000000)
  eden space 33280K, 0% used [0x00000000d5d80000,0x00000000d5d80000,0x00000000d7e00000)
  from space 5120K, 0% used [0x00000000d8300000,0x00000000d8300000,0x00000000d8800000)
  to   space 5120K, 0% used [0x00000000d7e00000,0x00000000d7e00000,0x00000000d8300000)
 ParOldGen       total 56320K, used 6734K [0x0000000081800000, 0x0000000084f00000, 0x00000000d5d80000)
  object space 56320K, 11% used [0x0000000081800000,0x0000000081e93a78,0x0000000084f00000)
 Metaspace       used 20621K, capacity 21178K, committed 21296K, reserved 1067008K
  class space    used 2649K, capacity 2820K, committed 2864K, reserved 1048576K
}
Event: 2.250 GC heap before
{Heap before GC invocations=6 (full 1):
 PSYoungGen      total 38400K, used 33280K [0x00000000d5d80000, 0x00000000d8800000, 0x0000000100000000)
  eden space 33280K, 100% used [0x00000000d5d80000,0x00000000d7e00000,0x00000000d7e00000)
  from space 5120K, 0% used [0x00000000d8300000,0x00000000d8300000,0x00000000d8800000)
  to   space 5120K, 0% used [0x00000000d7e00000,0x00000000d7e00000,0x00000000d8300000)
 ParOldGen       total 56320K, used 6734K [0x0000000081800000, 0x0000000084f00000, 0x00000000d5d80000)
  object space 56320K, 11% used [0x0000000081800000,0x0000000081e93a78,0x0000000084f00000)
 Metaspace       used 23946K, capacity 24676K, committed 24880K, reserved 1071104K
  class space    used 3066K, capacity 3259K, committed 3376K, reserved 1048576K
Event: 2.255 GC heap after
Heap after GC invocations=6 (full 1):
 PSYoungGen      total 38400K, used 4072K [0x00000000d5d80000, 0x00000000da300000, 0x0000000100000000)
  eden space 33280K, 0% used [0x00000000d5d80000,0x00000000d5d80000,0x00000000d7e00000)
  from space 5120K, 79% used [0x00000000d7e00000,0x00000000d81fa208,0x00000000d8300000)
  to   space 9216K, 0% used [0x00000000d9a00000,0x00000000d9a00000,0x00000000da300000)
 ParOldGen       total 56320K, used 6806K [0x0000000081800000, 0x0000000084f00000, 0x00000000d5d80000)
  object space 56320K, 12% used [0x0000000081800000,0x0000000081ea5a88,0x0000000084f00000)
 Metaspace       used 23946K, capacity 24676K, committed 24880K, reserved 1071104K
  class space    used 3066K, capacity 3259K, committed 3376K, reserved 1048576K
}

Deoptimization events (10 events):
Event: 1.236 Thread 0x0000000019f45800 Uncommon trap: reason=bimorphic action=maybe_recompile pc=0x0000000003429040 method=java.util.HashMap.putVal(ILjava/lang/Object;Ljava/lang/Object;ZZ)Ljava/lang/Object; @ 203
Event: 1.241 Thread 0x0000000019f45800 Uncommon trap: reason=bimorphic action=maybe_recompile pc=0x0000000003429040 method=java.util.HashMap.putVal(ILjava/lang/Object;Ljava/lang/Object;ZZ)Ljava/lang/Object; @ 203
Event: 1.244 Thread 0x0000000019f45800 Uncommon trap: reason=bimorphic action=maybe_recompile pc=0x0000000003429040 method=java.util.HashMap.putVal(ILjava/lang/Object;Ljava/lang/Object;ZZ)Ljava/lang/Object; @ 203
Event: 1.462 Thread 0x0000000002f76000 Uncommon trap: reason=bimorphic action=maybe_recompile pc=0x0000000003429040 method=java.util.HashMap.putVal(ILjava/lang/Object;Ljava/lang/Object;ZZ)Ljava/lang/Object; @ 203
Event: 1.462 Thread 0x0000000002f76000 Uncommon trap: reason=bimorphic action=maybe_recompile pc=0x000000000341b790 method=java.util.HashMap.putVal(ILjava/lang/Object;Ljava/lang/Object;ZZ)Ljava/lang/Object; @ 203
Event: 1.518 Thread 0x0000000002f76000 Uncommon trap: reason=unstable_if action=reinterpret pc=0x00000000034df31c method=java.io.WinNTFileSystem.normalize(Ljava/lang/String;)Ljava/lang/String; @ 128
Event: 1.636 Thread 0x0000000019f45800 Uncommon trap: reason=unstable_if action=reinterpret pc=0x0000000003463ea8 method=jdk.internal.org.objectweb.asm.Type.getArgumentsAndReturnSizes(Ljava/lang/String;)I @ 47
Event: 2.136 Thread 0x0000000002f76000 Uncommon trap: reason=unstable_if action=reinterpret pc=0x0000000003462040 method=org.springframework.boot.context.properties.source.ConfigurationPropertyName$ElementValidator.isValidChar(CI)Z @ 21
Event: 2.464 Thread 0x0000000002f76000 Uncommon trap: reason=class_check action=maybe_recompile pc=0x000000000383b488 method=org.springframework.util.ConcurrentReferenceHashMap$Segment.findInChain(Lorg/springframework/util/ConcurrentReferenceHashMap$Reference;Ljava/lang/Object;I)Lorg/springfra
Event: 2.645 Thread 0x0000000002f76000 Uncommon trap: reason=unstable_if action=reinterpret pc=0x000000000343b2f4 method=java.util.concurrent.ConcurrentHashMap.putVal(Ljava/lang/Object;Ljava/lang/Object;Z)Ljava/lang/Object; @ 206

Classes redefined (0 events):
No events

Internal exceptions (10 events):
Event: 1.196 Thread 0x0000000002f76000 Implicit null exception at 0x000000000330c595 to 0x000000000330c765
Event: 1.353 Thread 0x0000000002f76000 Exception <a 'java/lang/ClassNotFoundException': java/lang/ObjectCustomizer> (0x00000000d70ad920) thrown at [C:\re\workspace\8-2-build-windows-amd64-cygwin\jdk8u181\11358\hotspot\src\share\vm\classfile\systemDictionary.cpp, line 210]
Event: 1.356 Thread 0x0000000002f76000 Exception <a 'java/lang/ClassNotFoundException': org/springframework/context/annotation/ConfigurationClassPostProcessorCustomizer> (0x00000000d7188b60) thrown at [C:\re\workspace\8-2-build-windows-amd64-cygwin\jdk8u181\11358\hotspot\src\share\vm\classfile
Event: 1.362 Thread 0x0000000002f76000 Exception <a 'java/lang/ClassNotFoundException': org/springframework/beans/factory/support/BeanDefinitionRegistryPostProcessorCustomizer> (0x00000000d71dd6d8) thrown at [C:\re\workspace\8-2-build-windows-amd64-cygwin\jdk8u181\11358\hotspot\src\share\vm\cl
Event: 1.362 Thread 0x0000000002f76000 Exception <a 'java/lang/ClassNotFoundException': org/springframework/core/PriorityOrderedCustomizer> (0x00000000d71ed918) thrown at [C:\re\workspace\8-2-build-windows-amd64-cygwin\jdk8u181\11358\hotspot\src\share\vm\classfile\systemDictionary.cpp, line 21
Event: 1.363 Thread 0x0000000002f76000 Exception <a 'java/lang/ClassNotFoundException': org/springframework/context/ResourceLoaderAwareCustomizer> (0x00000000d725ecb0) thrown at [C:\re\workspace\8-2-build-windows-amd64-cygwin\jdk8u181\11358\hotspot\src\share\vm\classfile\systemDictionary.cpp, 
Event: 1.365 Thread 0x0000000002f76000 Exception <a 'java/lang/ClassNotFoundException': org/springframework/beans/factory/BeanClassLoaderAwareCustomizer> (0x00000000d7271970) thrown at [C:\re\workspace\8-2-build-windows-amd64-cygwin\jdk8u181\11358\hotspot\src\share\vm\classfile\systemDictionar
Event: 1.366 Thread 0x0000000002f76000 Exception <a 'java/lang/ClassNotFoundException': org/springframework/context/EnvironmentAwareCustomizer> (0x00000000d7282a78) thrown at [C:\re\workspace\8-2-build-windows-amd64-cygwin\jdk8u181\11358\hotspot\src\share\vm\classfile\systemDictionary.cpp, lin
Event: 1.656 Thread 0x0000000019f45800 Exception <a 'java/lang/IncompatibleClassChangeError': Found class java.lang.Object, but interface was expected> (0x00000000d6df45b8) thrown at [C:\re\workspace\8-2-build-windows-amd64-cygwin\jdk8u181\11358\hotspot\src\share\vm\interpreter\linkResolver.cp
Event: 2.468 Thread 0x0000000002f76000 Exception <a 'java/lang/NoSuchMethodError': java.lang.Object.lambda$of$0([Ljava/lang/Object;)Ljava/util/Iterator;> (0x00000000d6cacbc8) thrown at [C:\re\workspace\8-2-build-windows-amd64-cygwin\jdk8u181\11358\hotspot\src\share\vm\interpreter\linkResolver.

Events (10 events):
Event: 2.655 loading class org/springframework/cglib/transform/TransformingClassGenerator
Event: 2.655 loading class org/springframework/cglib/transform/TransformingClassGenerator done
Event: 2.656 loading class org/springframework/cglib/core/VisibilityPredicate
Event: 2.656 loading class org/springframework/cglib/core/VisibilityPredicate done
Event: 2.656 loading class org/springframework/cglib/proxy/Factory
Event: 2.656 loading class org/springframework/cglib/proxy/Factory done
Event: 2.657 loading class org/springframework/cglib/core/MethodWrapper
Event: 2.657 loading class org/springframework/cglib/core/MethodWrapper done
Event: 2.657 loading class org/springframework/cglib/core/MethodWrapper$MethodWrapperKey
Event: 2.657 loading class org/springframework/cglib/core/MethodWrapper$MethodWrapperKey done


Dynamic libraries:
0x00007ff7a9ff0000 - 0x00007ff7aa027000 	C:\Program Files\Java\jdk1.8.0_181\bin\java.exe
0x00007ff8a6520000 - 0x00007ff8a6701000 	C:\WINDOWS\SYSTEM32\ntdll.dll
0x00007ff8a3bd0000 - 0x00007ff8a3c82000 	C:\WINDOWS\System32\KERNEL32.DLL
0x00007ff8a3440000 - 0x00007ff8a36b3000 	C:\WINDOWS\System32\KERNELBASE.dll
0x00007ff8a4940000 - 0x00007ff8a49e1000 	C:\WINDOWS\System32\ADVAPI32.dll
0x00007ff8a3a10000 - 0x00007ff8a3aae000 	C:\WINDOWS\System32\msvcrt.dll
0x00007ff8a3e20000 - 0x00007ff8a3e7b000 	C:\WINDOWS\System32\sechost.dll
0x00007ff8a3f20000 - 0x00007ff8a4044000 	C:\WINDOWS\System32\RPCRT4.dll
0x00007ff8a6360000 - 0x00007ff8a64f0000 	C:\WINDOWS\System32\USER32.dll
0x00007ff8a3320000 - 0x00007ff8a3340000 	C:\WINDOWS\System32\win32u.dll
0x00007ff8a3ab0000 - 0x00007ff8a3ad8000 	C:\WINDOWS\System32\GDI32.dll
0x00007ff8a28f0000 - 0x00007ff8a2a82000 	C:\WINDOWS\System32\gdi32full.dll
0x00007ff8a3340000 - 0x00007ff8a33df000 	C:\WINDOWS\System32\msvcp_win.dll
0x00007ff8a3220000 - 0x00007ff8a331a000 	C:\WINDOWS\System32\ucrtbase.dll
0x00007ff892eb0000 - 0x00007ff893119000 	C:\WINDOWS\WinSxS\amd64_microsoft.windows.common-controls_6595b64144ccf1df_6.0.17134.320_none_fb3d992f3069e403\COMCTL32.dll
0x00007ff8a43c0000 - 0x00007ff8a46e3000 	C:\WINDOWS\System32\combase.dll
0x00007ff8a31a0000 - 0x00007ff8a321a000 	C:\WINDOWS\System32\bcryptPrimitives.dll
0x00007ff8a4ef0000 - 0x00007ff8a4f1d000 	C:\WINDOWS\System32\IMM32.DLL
0x0000000068e10000 - 0x0000000068ee2000 	C:\Program Files\Java\jdk1.8.0_181\jre\bin\msvcr100.dll
0x0000000068560000 - 0x0000000068e02000 	C:\Program Files\Java\jdk1.8.0_181\jre\bin\server\jvm.dll
0x00007ff8a3c90000 - 0x00007ff8a3c98000 	C:\WINDOWS\System32\PSAPI.DLL
0x00007ff8a08b0000 - 0x00007ff8a08d3000 	C:\WINDOWS\SYSTEM32\WINMM.dll
0x00007ff895420000 - 0x00007ff89542a000 	C:\WINDOWS\SYSTEM32\VERSION.dll
0x00007ff894c60000 - 0x00007ff894c69000 	C:\WINDOWS\SYSTEM32\WSOCK32.dll
0x00007ff8a4060000 - 0x00007ff8a40cc000 	C:\WINDOWS\System32\WS2_32.dll
0x00007ff8a0880000 - 0x00007ff8a08aa000 	C:\WINDOWS\SYSTEM32\WINMMBASE.dll
0x00007ff8a3960000 - 0x00007ff8a39a9000 	C:\WINDOWS\System32\cfgmgr32.dll
0x0000000068550000 - 0x000000006855f000 	C:\Program Files\Java\jdk1.8.0_181\jre\bin\verify.dll
0x0000000068520000 - 0x0000000068549000 	C:\Program Files\Java\jdk1.8.0_181\jre\bin\java.dll
0x0000000068500000 - 0x0000000068516000 	C:\Program Files\Java\jdk1.8.0_181\jre\bin\zip.dll
0x00007ff8a4f20000 - 0x00007ff8a635f000 	C:\WINDOWS\System32\SHELL32.dll
0x00007ff8a4e40000 - 0x00007ff8a4ee9000 	C:\WINDOWS\System32\shcore.dll
0x00007ff8a2a90000 - 0x00007ff8a319d000 	C:\WINDOWS\System32\windows.storage.dll
0x00007ff8a3b70000 - 0x00007ff8a3bc1000 	C:\WINDOWS\System32\shlwapi.dll
0x00007ff8a28a0000 - 0x00007ff8a28b1000 	C:\WINDOWS\System32\kernel.appcore.dll
0x00007ff8a2880000 - 0x00007ff8a289f000 	C:\WINDOWS\System32\profapi.dll
0x00007ff8a2830000 - 0x00007ff8a287c000 	C:\WINDOWS\System32\powrprof.dll
0x00007ff8a28e0000 - 0x00007ff8a28ea000 	C:\WINDOWS\System32\FLTLIB.DLL
0x00000000684b0000 - 0x00000000684bd000 	C:\Program Files\Java\jdk1.8.0_181\jre\bin\management.dll
0x00000000684e0000 - 0x00000000684fa000 	C:\Program Files\Java\jdk1.8.0_181\jre\bin\net.dll
0x00007ff8a2050000 - 0x00007ff8a20b6000 	C:\WINDOWS\system32\mswsock.dll
0x00007ff88bd30000 - 0x00007ff88bd46000 	C:\WINDOWS\system32\napinsp.dll
0x00007ff88a280000 - 0x00007ff88a29a000 	C:\WINDOWS\system32\pnrpnsp.dll
0x00007ff89efb0000 - 0x00007ff89efc9000 	C:\WINDOWS\system32\NLAapi.dll
0x00007ff8a1e10000 - 0x00007ff8a1ece000 	C:\WINDOWS\SYSTEM32\DNSAPI.dll
0x00007ff8a4050000 - 0x00007ff8a4058000 	C:\WINDOWS\System32\NSI.dll
0x00007ff8a1dd0000 - 0x00007ff8a1e08000 	C:\WINDOWS\SYSTEM32\IPHLPAPI.DLL
0x00007ff893120000 - 0x00007ff89312e000 	C:\WINDOWS\System32\winrnr.dll
0x00007ff897ed0000 - 0x00007ff897eda000 	C:\Windows\System32\rasadhlp.dll
0x00007ff898ad0000 - 0x00007ff898b42000 	C:\WINDOWS\System32\fwpuclnt.dll
0x00007ff8a2330000 - 0x00007ff8a2355000 	C:\WINDOWS\SYSTEM32\bcrypt.dll
0x00000000684c0000 - 0x00000000684d1000 	C:\Program Files\Java\jdk1.8.0_181\jre\bin\nio.dll

VM Arguments:
jvm_args: -Dfile.encoding=windows-1252 -Duser.country=GB -Duser.language=en -Duser.variant 
java_command: com.example.loginauthendtoend.LoginauthendtoendApplication
java_class_path (initial): C:\Users\Jonathan_Poh\e2e Projects\loginauthendtoend\loginauthendtoend\build\classes\java\main;C:\Users\Jonathan_Poh\e2e Projects\loginauthendtoend\loginauthendtoend\build\resources\main;C:\Users\Jonathan_Poh\.gradle\caches\modules-2\files-2.1\org.springframework.boot\spring-boot-starter-data-mongodb\2.0.5.RELEASE\cabe02c0caadeb6ee84eff3b63f05ae3bd7cbeab\spring-boot-starter-data-mongodb-2.0.5.RELEASE.jar;C:\Users\Jonathan_Poh\.gradle\caches\modules-2\files-2.1\org.springframework.boot\spring-boot-starter-security\2.0.5.RELEASE\5a53ddfd9ebd108f914f390981d992bacabf29d3\spring-boot-starter-security-2.0.5.RELEASE.jar;C:\Users\Jonathan_Poh\.gradle\caches\modules-2\files-2.1\org.springframework.boot\spring-boot-starter-web\2.0.5.RELEASE\52daa1f1509bd637a737206e54c06a17aabb9504\spring-boot-starter-web-2.0.5.RELEASE.jar;C:\Users\Jonathan_Poh\.gradle\caches\modules-2\files-2.1\io.jsonwebtoken\jjwt\0.9.0\64e3ed8a5f0bc93ecea592a0b3280f995efbdfe9\jjwt-0.9.0.jar;C:\Users\Jonathan_Poh\.gradle\caches\modules-2\files-2.1\org.springframework.boot\spring-boot-starter-json\2.0.5.RELEASE\d0052ded4733ceb1fb7d927238f22f9a92099227\spring-boot-starter-json-2.0.5.RELEASE.jar;C:\Users\Jonathan_Poh\.gradle\caches\modules-2\files-2.1\org.springframework.boot\spring-boot-starter\2.0.5.RELEASE\1f53487a373be18d064a5815e9bac9882ef15cdc\spring-boot-starter-2.0.5.RELEASE.jar;C:\Users\Jonathan_Poh\.gradle\caches\modules-2\files-2.1\org.mongodb\mongodb-driver\3.6.4\4ddaa4520e9b3a9255ae138f782d73432be6787d\mongodb-driver-3.6.4.jar;C:\Users\Jonathan_Poh\.gradle\caches\modules-2\files-2.1\org.springframework.data\spring-data-mongodb\2.0.10.RELEASE\14728aabbbf075f0dd1e825d7203fcc5ac22eb3f\spring-data-mongodb-2.0.10.RELEASE.jar;C:\Users\Jonathan_Poh\.gradle\caches\modules-2\files-2.1\org.springframework.security\spring-security-config\5.0.8.RELEASE\83a070861ad63c0dd5660d4529b9c37a3c9e3c50\spring-security-config-5.0.8.RELEASE.jar;C:\Users\Jonathan_Poh\.gradle\caches\modules-2\fi
Launcher Type: SUN_STANDARD

Environment Variables:
JAVA_HOME=C:\Program Files\Java\jdk1.8.0_181
JRE_HOME=C:\Program Files\Java\jdk1.8.0_181\jre
CLASSPATH=C:\Users\Jonathan_Poh\e2e Projects\loginauthendtoend\loginauthendtoend\\gradle\wrapper\gradle-wrapper.jar
PATH=C:\Program Files (x86)\Common Files\Oracle\Java\javapath;C:\Program Files (x86)\Intel\iCLS Client\;C:\Program Files\Intel\iCLS Client\;C:\WINDOWS\system32;C:\WINDOWS;C:\WINDOWS\System32\Wbem;C:\WINDOWS\System32\WindowsPowerShell\v1.0\;C:\Program Files (x86)\QuickTime\QTSystem\;C:\Users\Jonathan_Poh\.dnx\bin;C:\Program Files\Microsoft DNX\Dnvm\;C:\Program Files\Microsoft SQL Server\130\Tools\Binn\;C:\Program Files (x86)\Windows Kits\10\Windows Performance Toolkit\;C:\MinGW\bin\;C:\MinGW\msys\1.0\bin\;C:\Program Files\Git\cmd;C:\Program Files\nodejs\;C:\WINDOWS\System32\OpenSSH\;C:\Users\Jonathan_Poh\AppData\Local\Microsoft\WindowsApps;C:\Users\Jonathan_Poh\AppData\Roaming\npm;C:\Program Files\Java\jdk1.8.0_181\bin;C:\Users\Jonathan_Poh\AppData\Local\GitHubDesktop\bin
USERNAME=Jonathan_Poh
OS=Windows_NT
PROCESSOR_IDENTIFIER=Intel64 Family 6 Model 61 Stepping 4, GenuineIntel



---------------  S Y S T E M  ---------------

OS: Windows 10.0 , 64 bit Build 17134 (10.0.17134.1)

CPU:total 4 (initial active 4) (2 cores per cpu, 2 threads per core) family 6 model 61 stepping 4, cmov, cx8, fxsr, mmx, sse, sse2, sse3, ssse3, sse4.1, sse4.2, popcnt, avx, avx2, aes, clmul, erms, 3dnowpref, lzcnt, ht, tsc, tscinvbit, bmi1, bmi2, adx

Memory: 4k page, physical 8288672k(1979260k free), swap 19310736k(5708k free)

vm_info: Java HotSpot(TM) 64-Bit Server VM (25.181-b13) for windows-amd64 JRE (1.8.0_181-b13), built on Jul  7 2018 04:01:33 by "java_re" with MS VC++ 10.0 (VS2010)

time: Wed Oct 10 22:35:13 2018
elapsed time: 2 seconds (0d 0h 0m 2s)

