#
# There is insufficient memory for the Java Runtime Environment to continue.
# Native memory allocation (malloc) failed to allocate 620816 bytes for Chunk::new
# Possible reasons:
#   The system is out of physical RAM or swap space
#   In 32 bit mode, the process size limit was hit
# Possible solutions:
#   Reduce memory load on the system
#   Increase physical memory or swap space
#   Check if swap backing store is full
#   Use 64 bit Java on a 64 bit OS
#   Decrease Java heap size (-Xmx/-Xms)
#   Decrease number of Java threads
#   Decrease Java thread stack sizes (-Xss)
#   Set larger code cache with -XX:ReservedCodeCacheSize=
# This output file may be truncated or incomplete.
#
#  Out of Memory Error (allocation.cpp:390), pid=7188, tid=0x0000000000000a48
#
# JRE version: Java(TM) SE Runtime Environment (8.0_181-b13) (build 1.8.0_181-b13)
# Java VM: Java HotSpot(TM) 64-Bit Server VM (25.181-b13 mixed mode windows-amd64 compressed oops)
# Failed to write core dump. Minidumps are not enabled by default on client versions of Windows
#

---------------  T H R E A D  ---------------

Current thread (0x0000000017c86800):  JavaThread "C2 CompilerThread0" daemon [_thread_in_native, id=2632, stack(0x00000000192d0000,0x00000000193d0000)]

Stack: [0x00000000192d0000,0x00000000193d0000]
[error occurred during error reporting (printing stack bounds), id 0xc0000005]

Native frames: (J=compiled Java code, j=interpreted, Vv=VM code, C=native code)


Current CompileTask:
C2:   1598 1328 %     4       java.io.WinNTFileSystem::normalize @ 22 (143 bytes)


---------------  P R O C E S S  ---------------

Java Threads: ( => current thread )
  0x000000001a167800 JavaThread "background-preinit" [_thread_in_vm, id=7844, stack(0x000000001a510000,0x000000001a610000)]
  0x000000001960d000 JavaThread "Service Thread" daemon [_thread_blocked, id=18416, stack(0x00000000199d0000,0x0000000019ad0000)]
  0x0000000017c96000 JavaThread "C1 CompilerThread2" daemon [_thread_blocked, id=16508, stack(0x00000000194d0000,0x00000000195d0000)]
  0x0000000017c88800 JavaThread "C2 CompilerThread1" daemon [_thread_in_native, id=6684, stack(0x00000000193d0000,0x00000000194d0000)]
=>0x0000000017c86800 JavaThread "C2 CompilerThread0" daemon [_thread_in_native, id=2632, stack(0x00000000192d0000,0x00000000193d0000)]
  0x0000000017c82800 JavaThread "Attach Listener" daemon [_thread_blocked, id=15832, stack(0x00000000191d0000,0x00000000192d0000)]
  0x0000000017c81000 JavaThread "Signal Dispatcher" daemon [_thread_blocked, id=19184, stack(0x00000000190d0000,0x00000000191d0000)]
  0x0000000017c70800 JavaThread "Finalizer" daemon [_thread_blocked, id=18224, stack(0x0000000018ee0000,0x0000000018fe0000)]
  0x0000000003126000 JavaThread "Reference Handler" daemon [_thread_blocked, id=2636, stack(0x0000000018de0000,0x0000000018ee0000)]
  0x0000000003036000 JavaThread "main" [_thread_in_Java, id=4328, stack(0x0000000002f30000,0x0000000003030000)]

Other Threads:
  0x0000000017c47800 VMThread [stack: 0x0000000018ce0000,0x0000000018de0000] [id=13284]
  0x0000000019626800 WatcherThread [stack: 0x0000000019ad0000,0x0000000019bd0000] [id=6624]

VM state:not at safepoint (normal execution)

VM Mutex/Monitor currently owned by a thread: None

Heap:
 PSYoungGen      total 38400K, used 34858K [0x00000000d5d80000, 0x00000000d8800000, 0x0000000100000000)
  eden space 33280K, 89% used [0x00000000d5d80000,0x00000000d7a8fbe8,0x00000000d7e00000)
  from space 5120K, 99% used [0x00000000d8300000,0x00000000d87fac88,0x00000000d8800000)
  to   space 5120K, 0% used [0x00000000d7e00000,0x00000000d7e00000,0x00000000d8300000)
 ParOldGen       total 87552K, used 678K [0x0000000081800000, 0x0000000086d80000, 0x00000000d5d80000)
  object space 87552K, 0% used [0x0000000081800000,0x00000000818a98f0,0x0000000086d80000)
 Metaspace       used 18259K, capacity 18748K, committed 18944K, reserved 1064960K
  class space    used 2328K, capacity 2463K, committed 2560K, reserved 1048576K

Card table byte_map: [0x00000000124f0000,0x00000000128f0000] byte_map_base: 0x00000000120e4000

Marking Bits: (ParMarkBitMap*) 0x0000000068162d00
 Begin Bits: [0x0000000012fa0000, 0x0000000014f40000)
 End Bits:   [0x0000000014f40000, 0x0000000016ee0000)

Polling page: 0x0000000001540000

CodeCache: size=245760Kb used=4447Kb max_used=4455Kb free=241312Kb
 bounds [0x0000000003130000, 0x0000000003590000, 0x0000000012130000]
 total_blobs=1732 nmethods=1370 adapters=274
 compilation: enabled

Compilation events (10 events):
Event: 1.567 Thread 0x0000000017c96000 nmethod 1367 0x0000000003584350 code [0x00000000035844c0, 0x00000000035847d0]
Event: 1.568 Thread 0x0000000017c96000 1368       3       java.util.LinkedList::add (32 bytes)
Event: 1.568 Thread 0x0000000017c96000 nmethod 1368 0x0000000003583a50 code [0x0000000003583c20, 0x0000000003584148]
Event: 1.568 Thread 0x0000000017c88800 1369       4       java.lang.String::indexOf (7 bytes)
Event: 1.568 Thread 0x0000000017c96000 1370       3       java.util.LinkedList::linkBefore (63 bytes)
Event: 1.569 Thread 0x0000000017c96000 nmethod 1370 0x0000000003583410 code [0x0000000003583580, 0x00000000035838d0]
Event: 1.574 Thread 0x0000000017c96000 1371       3       sun.nio.fs.WindowsPathParser::isSlash (18 bytes)
Event: 1.574 Thread 0x0000000017c96000 nmethod 1371 0x0000000003583090 code [0x00000000035831e0, 0x00000000035833b0]
Event: 1.578 Thread 0x0000000017c88800 nmethod 1369 0x000000000358b190 code [0x000000000358b2e0, 0x000000000358b758]
Event: 1.580 Thread 0x0000000017c88800 1372   !   4       java.net.URL::<init> (543 bytes)

GC Heap History (4 events):
Event: 0.969 GC heap before
{Heap before GC invocations=1 (full 0):
 PSYoungGen      total 38400K, used 33280K [0x00000000d5d80000, 0x00000000d8800000, 0x0000000100000000)
  eden space 33280K, 100% used [0x00000000d5d80000,0x00000000d7e00000,0x00000000d7e00000)
  from space 5120K, 0% used [0x00000000d8300000,0x00000000d8300000,0x00000000d8800000)
  to   space 5120K, 0% used [0x00000000d7e00000,0x00000000d7e00000,0x00000000d8300000)
 ParOldGen       total 87552K, used 0K [0x0000000081800000, 0x0000000086d80000, 0x00000000d5d80000)
  object space 87552K, 0% used [0x0000000081800000,0x0000000081800000,0x0000000086d80000)
 Metaspace       used 10263K, capacity 10528K, committed 10880K, reserved 1058816K
  class space    used 1237K, capacity 1312K, committed 1408K, reserved 1048576K
Event: 0.977 GC heap after
Heap after GC invocations=1 (full 0):
 PSYoungGen      total 38400K, used 5004K [0x00000000d5d80000, 0x00000000d8800000, 0x0000000100000000)
  eden space 33280K, 0% used [0x00000000d5d80000,0x00000000d5d80000,0x00000000d7e00000)
  from space 5120K, 97% used [0x00000000d7e00000,0x00000000d82e33e0,0x00000000d8300000)
  to   space 5120K, 0% used [0x00000000d8300000,0x00000000d8300000,0x00000000d8800000)
 ParOldGen       total 87552K, used 16K [0x0000000081800000, 0x0000000086d80000, 0x00000000d5d80000)
  object space 87552K, 0% used [0x0000000081800000,0x0000000081804000,0x0000000086d80000)
 Metaspace       used 10263K, capacity 10528K, committed 10880K, reserved 1058816K
  class space    used 1237K, capacity 1312K, committed 1408K, reserved 1048576K
}
Event: 1.311 GC heap before
{Heap before GC invocations=2 (full 0):
 PSYoungGen      total 38400K, used 38284K [0x00000000d5d80000, 0x00000000d8800000, 0x0000000100000000)
  eden space 33280K, 100% used [0x00000000d5d80000,0x00000000d7e00000,0x00000000d7e00000)
  from space 5120K, 97% used [0x00000000d7e00000,0x00000000d82e33e0,0x00000000d8300000)
  to   space 5120K, 0% used [0x00000000d8300000,0x00000000d8300000,0x00000000d8800000)
 ParOldGen       total 87552K, used 16K [0x0000000081800000, 0x0000000086d80000, 0x00000000d5d80000)
  object space 87552K, 0% used [0x0000000081800000,0x0000000081804000,0x0000000086d80000)
 Metaspace       used 13802K, capacity 14234K, committed 14336K, reserved 1060864K
  class space    used 1811K, capacity 1946K, committed 2048K, reserved 1048576K
Event: 1.319 GC heap after
Heap after GC invocations=2 (full 0):
 PSYoungGen      total 38400K, used 5099K [0x00000000d5d80000, 0x00000000d8800000, 0x0000000100000000)
  eden space 33280K, 0% used [0x00000000d5d80000,0x00000000d5d80000,0x00000000d7e00000)
  from space 5120K, 99% used [0x00000000d8300000,0x00000000d87fac88,0x00000000d8800000)
  to   space 5120K, 0% used [0x00000000d7e00000,0x00000000d7e00000,0x00000000d8300000)
 ParOldGen       total 87552K, used 678K [0x0000000081800000, 0x0000000086d80000, 0x00000000d5d80000)
  object space 87552K, 0% used [0x0000000081800000,0x00000000818a98f0,0x0000000086d80000)
 Metaspace       used 13802K, capacity 14234K, committed 14336K, reserved 1060864K
  class space    used 1811K, capacity 1946K, committed 2048K, reserved 1048576K
}

Deoptimization events (10 events):
Event: 0.271 Thread 0x0000000003036000 Uncommon trap: reason=unstable_if action=reinterpret pc=0x00000000032936cc method=java.lang.String.indexOf([CII[CIII)I @ 123
Event: 0.758 Thread 0x0000000003036000 Uncommon trap: reason=unstable_if action=reinterpret pc=0x00000000032dd694 method=java.lang.String.indexOf([CII[CIII)I @ 3
Event: 0.792 Thread 0x000000001a167800 Uncommon trap: reason=range_check action=make_not_entrant pc=0x00000000033d31a0 method=sun.reflect.generics.parser.SignatureParser.current()C @ 34
Event: 1.039 Thread 0x000000001a167800 Uncommon trap: reason=unstable_if action=reinterpret pc=0x00000000032ef238 method=sun.misc.MetaIndex.mayContain(Ljava/lang/String;)Z @ 38
Event: 1.196 Thread 0x0000000003036000 Uncommon trap: reason=unstable_if action=reinterpret pc=0x00000000034d6e90 method=java.net.URL.<init>(Ljava/net/URL;Ljava/lang/String;Ljava/net/URLStreamHandler;)V @ 347
Event: 1.338 Thread 0x0000000003036000 Uncommon trap: reason=unstable_if action=reinterpret pc=0x00000000033a7454 method=java.io.WinNTFileSystem.normalize(Ljava/lang/String;II)Ljava/lang/String; @ 90
Event: 1.342 Thread 0x0000000003036000 Uncommon trap: reason=unstable_if action=reinterpret pc=0x00000000033d2b34 method=java.util.HashMap.hash(Ljava/lang/Object;)I @ 1
Event: 1.416 Thread 0x000000001a167800 Uncommon trap: reason=bimorphic action=maybe_recompile pc=0x00000000034e9d50 method=java.util.HashMap.putVal(ILjava/lang/Object;Ljava/lang/Object;ZZ)Ljava/lang/Object; @ 203
Event: 1.420 Thread 0x000000001a167800 Uncommon trap: reason=bimorphic action=maybe_recompile pc=0x00000000034e9d50 method=java.util.HashMap.putVal(ILjava/lang/Object;Ljava/lang/Object;ZZ)Ljava/lang/Object; @ 203
Event: 1.423 Thread 0x000000001a167800 Uncommon trap: reason=bimorphic action=maybe_recompile pc=0x00000000034e9d50 method=java.util.HashMap.putVal(ILjava/lang/Object;Ljava/lang/Object;ZZ)Ljava/lang/Object; @ 203

Classes redefined (0 events):
No events

Internal exceptions (10 events):
Event: 1.299 Thread 0x0000000003036000 Exception <a 'java/lang/NoClassDefFoundError': org/springframework/jdbc/CannotGetJdbcConnectionException> (0x00000000d7c8c4a0) thrown at [C:\re\workspace\8-2-build-windows-amd64-cygwin\jdk8u181\11358\hotspot\src\share\vm\classfile\systemDictionary.cpp, li
Event: 1.340 Thread 0x0000000003036000 Exception <a 'java/lang/NoSuchMethodError': org.slf4j.impl.StaticMDCBinder.getSingleton()Lorg/slf4j/impl/StaticMDCBinder;> (0x00000000d5f80270) thrown at [C:\re\workspace\8-2-build-windows-amd64-cygwin\jdk8u181\11358\hotspot\src\share\vm\interpreter\linkR
Event: 1.342 Thread 0x0000000003036000 Implicit null exception at 0x00000000033d2955 to 0x00000000033d2b25
Event: 1.502 Thread 0x0000000003036000 Exception <a 'java/lang/ClassNotFoundException': java/lang/ObjectCustomizer> (0x00000000d70b6d28) thrown at [C:\re\workspace\8-2-build-windows-amd64-cygwin\jdk8u181\11358\hotspot\src\share\vm\classfile\systemDictionary.cpp, line 210]
Event: 1.506 Thread 0x0000000003036000 Exception <a 'java/lang/ClassNotFoundException': org/springframework/context/annotation/ConfigurationClassPostProcessorCustomizer> (0x00000000d70d05e0) thrown at [C:\re\workspace\8-2-build-windows-amd64-cygwin\jdk8u181\11358\hotspot\src\share\vm\classfile
Event: 1.512 Thread 0x0000000003036000 Exception <a 'java/lang/ClassNotFoundException': org/springframework/beans/factory/support/BeanDefinitionRegistryPostProcessorCustomizer> (0x00000000d7246a20) thrown at [C:\re\workspace\8-2-build-windows-amd64-cygwin\jdk8u181\11358\hotspot\src\share\vm\cl
Event: 1.513 Thread 0x0000000003036000 Exception <a 'java/lang/ClassNotFoundException': org/springframework/core/PriorityOrderedCustomizer> (0x00000000d7256d18) thrown at [C:\re\workspace\8-2-build-windows-amd64-cygwin\jdk8u181\11358\hotspot\src\share\vm\classfile\systemDictionary.cpp, line 21
Event: 1.513 Thread 0x0000000003036000 Exception <a 'java/lang/ClassNotFoundException': org/springframework/context/ResourceLoaderAwareCustomizer> (0x00000000d72673a8) thrown at [C:\re\workspace\8-2-build-windows-amd64-cygwin\jdk8u181\11358\hotspot\src\share\vm\classfile\systemDictionary.cpp, 
Event: 1.514 Thread 0x0000000003036000 Exception <a 'java/lang/ClassNotFoundException': org/springframework/beans/factory/BeanClassLoaderAwareCustomizer> (0x00000000d727a068) thrown at [C:\re\workspace\8-2-build-windows-amd64-cygwin\jdk8u181\11358\hotspot\src\share\vm\classfile\systemDictionar
Event: 1.515 Thread 0x0000000003036000 Exception <a 'java/lang/ClassNotFoundException': org/springframework/context/EnvironmentAwareCustomizer> (0x00000000d728b170) thrown at [C:\re\workspace\8-2-build-windows-amd64-cygwin\jdk8u181\11358\hotspot\src\share\vm\classfile\systemDictionary.cpp, lin

Events (10 events):
Event: 1.592 loading class com/fasterxml/jackson/annotation/JsonAutoDetect$Visibility
Event: 1.592 loading class com/fasterxml/jackson/annotation/JsonAutoDetect$Visibility done
Event: 1.592 loading class org/springframework/core/type/classreading/RecursiveAnnotationAttributesVisitor
Event: 1.592 loading class org/springframework/core/type/classreading/RecursiveAnnotationAttributesVisitor done
Event: 1.592 loading class org/springframework/core/type/classreading/AbstractRecursiveAnnotationVisitor
Event: 1.592 loading class org/springframework/core/type/classreading/AbstractRecursiveAnnotationVisitor done
Event: 1.593 loading class org/springframework/core/type/classreading/MethodMetadataReadingVisitor
Event: 1.593 loading class org/springframework/core/type/classreading/MethodMetadataReadingVisitor done
Event: 1.593 loading class org/springframework/core/type/MethodMetadata
Event: 1.593 loading class org/springframework/core/type/MethodMetadata done


Dynamic libraries:
0x00007ff668680000 - 0x00007ff6686b7000 	C:\Program Files\Java\jdk1.8.0_181\bin\java.exe
0x00007ff8a6520000 - 0x00007ff8a6701000 	C:\WINDOWS\SYSTEM32\ntdll.dll
0x00007ff8a3bd0000 - 0x00007ff8a3c82000 	C:\WINDOWS\System32\KERNEL32.DLL
0x00007ff8a3440000 - 0x00007ff8a36b3000 	C:\WINDOWS\System32\KERNELBASE.dll
0x00007ff8a4940000 - 0x00007ff8a49e1000 	C:\WINDOWS\System32\ADVAPI32.dll
0x00007ff8a3a10000 - 0x00007ff8a3aae000 	C:\WINDOWS\System32\msvcrt.dll
0x00007ff8a3e20000 - 0x00007ff8a3e7b000 	C:\WINDOWS\System32\sechost.dll
0x00007ff8a3f20000 - 0x00007ff8a4044000 	C:\WINDOWS\System32\RPCRT4.dll
0x00007ff8a6360000 - 0x00007ff8a64f0000 	C:\WINDOWS\System32\USER32.dll
0x00007ff8a3320000 - 0x00007ff8a3340000 	C:\WINDOWS\System32\win32u.dll
0x00007ff8a3ab0000 - 0x00007ff8a3ad8000 	C:\WINDOWS\System32\GDI32.dll
0x00007ff8a28f0000 - 0x00007ff8a2a82000 	C:\WINDOWS\System32\gdi32full.dll
0x00007ff8a3340000 - 0x00007ff8a33df000 	C:\WINDOWS\System32\msvcp_win.dll
0x00007ff8a3220000 - 0x00007ff8a331a000 	C:\WINDOWS\System32\ucrtbase.dll
0x00007ff892eb0000 - 0x00007ff893119000 	C:\WINDOWS\WinSxS\amd64_microsoft.windows.common-controls_6595b64144ccf1df_6.0.17134.320_none_fb3d992f3069e403\COMCTL32.dll
0x00007ff8a43c0000 - 0x00007ff8a46e3000 	C:\WINDOWS\System32\combase.dll
0x00007ff8a31a0000 - 0x00007ff8a321a000 	C:\WINDOWS\System32\bcryptPrimitives.dll
0x00007ff8a4ef0000 - 0x00007ff8a4f1d000 	C:\WINDOWS\System32\IMM32.DLL
0x00000000681f0000 - 0x00000000682c2000 	C:\Program Files\Java\jdk1.8.0_181\jre\bin\msvcr100.dll
0x0000000067940000 - 0x00000000681e2000 	C:\Program Files\Java\jdk1.8.0_181\jre\bin\server\jvm.dll
0x00007ff8a3c90000 - 0x00007ff8a3c98000 	C:\WINDOWS\System32\PSAPI.DLL
0x00007ff8a08b0000 - 0x00007ff8a08d3000 	C:\WINDOWS\SYSTEM32\WINMM.dll
0x00007ff895420000 - 0x00007ff89542a000 	C:\WINDOWS\SYSTEM32\VERSION.dll
0x00007ff894c60000 - 0x00007ff894c69000 	C:\WINDOWS\SYSTEM32\WSOCK32.dll
0x00007ff8a4060000 - 0x00007ff8a40cc000 	C:\WINDOWS\System32\WS2_32.dll
0x00007ff8a0880000 - 0x00007ff8a08aa000 	C:\WINDOWS\SYSTEM32\WINMMBASE.dll
0x00007ff8a3960000 - 0x00007ff8a39a9000 	C:\WINDOWS\System32\cfgmgr32.dll
0x0000000067930000 - 0x000000006793f000 	C:\Program Files\Java\jdk1.8.0_181\jre\bin\verify.dll
0x0000000067900000 - 0x0000000067929000 	C:\Program Files\Java\jdk1.8.0_181\jre\bin\java.dll
0x00000000678e0000 - 0x00000000678f6000 	C:\Program Files\Java\jdk1.8.0_181\jre\bin\zip.dll
0x00007ff8a4f20000 - 0x00007ff8a635f000 	C:\WINDOWS\System32\SHELL32.dll
0x00007ff8a4e40000 - 0x00007ff8a4ee9000 	C:\WINDOWS\System32\shcore.dll
0x00007ff8a2a90000 - 0x00007ff8a319d000 	C:\WINDOWS\System32\windows.storage.dll
0x00007ff8a3b70000 - 0x00007ff8a3bc1000 	C:\WINDOWS\System32\shlwapi.dll
0x00007ff8a28a0000 - 0x00007ff8a28b1000 	C:\WINDOWS\System32\kernel.appcore.dll
0x00007ff8a2880000 - 0x00007ff8a289f000 	C:\WINDOWS\System32\profapi.dll
0x00007ff8a2830000 - 0x00007ff8a287c000 	C:\WINDOWS\System32\powrprof.dll
0x00007ff8a28e0000 - 0x00007ff8a28ea000 	C:\WINDOWS\System32\FLTLIB.DLL
0x0000000067890000 - 0x000000006789d000 	C:\Program Files\Java\jdk1.8.0_181\jre\bin\management.dll
0x00000000678c0000 - 0x00000000678da000 	C:\Program Files\Java\jdk1.8.0_181\jre\bin\net.dll
0x00007ff8a2050000 - 0x00007ff8a20b6000 	C:\WINDOWS\system32\mswsock.dll
0x00007ff892250000 - 0x00007ff892266000 	C:\WINDOWS\system32\napinsp.dll
0x00007ff890830000 - 0x00007ff89084a000 	C:\WINDOWS\system32\pnrpnsp.dll
0x00007ff89efb0000 - 0x00007ff89efc9000 	C:\WINDOWS\system32\NLAapi.dll
0x00007ff8a1e10000 - 0x00007ff8a1ece000 	C:\WINDOWS\SYSTEM32\DNSAPI.dll
0x00007ff8a4050000 - 0x00007ff8a4058000 	C:\WINDOWS\System32\NSI.dll
0x00007ff8a1dd0000 - 0x00007ff8a1e08000 	C:\WINDOWS\SYSTEM32\IPHLPAPI.DLL
0x00007ff894430000 - 0x00007ff89443e000 	C:\WINDOWS\System32\winrnr.dll
0x00007ff897ed0000 - 0x00007ff897eda000 	C:\Windows\System32\rasadhlp.dll
0x00007ff898ad0000 - 0x00007ff898b42000 	C:\WINDOWS\System32\fwpuclnt.dll
0x00007ff8a2330000 - 0x00007ff8a2355000 	C:\WINDOWS\SYSTEM32\bcrypt.dll
0x00000000678a0000 - 0x00000000678b1000 	C:\Program Files\Java\jdk1.8.0_181\jre\bin\nio.dll

VM Arguments:
jvm_args: -Dfile.encoding=windows-1252 -Duser.country=GB -Duser.language=en -Duser.variant 
java_command: com.example.loginauthendtoend.LoginauthendtoendApplication
java_class_path (initial): C:\Users\Jonathan_Poh\e2e Projects\loginauthendtoend\loginauthendtoend\build\classes\java\main;C:\Users\Jonathan_Poh\e2e Projects\loginauthendtoend\loginauthendtoend\build\resources\main;C:\Users\Jonathan_Poh\.gradle\caches\modules-2\files-2.1\org.springframework.boot\spring-boot-starter-data-mongodb\2.0.5.RELEASE\cabe02c0caadeb6ee84eff3b63f05ae3bd7cbeab\spring-boot-starter-data-mongodb-2.0.5.RELEASE.jar;C:\Users\Jonathan_Poh\.gradle\caches\modules-2\files-2.1\org.springframework.boot\spring-boot-starter-security\2.0.5.RELEASE\5a53ddfd9ebd108f914f390981d992bacabf29d3\spring-boot-starter-security-2.0.5.RELEASE.jar;C:\Users\Jonathan_Poh\.gradle\caches\modules-2\files-2.1\org.springframework.boot\spring-boot-starter-web\2.0.5.RELEASE\52daa1f1509bd637a737206e54c06a17aabb9504\spring-boot-starter-web-2.0.5.RELEASE.jar;C:\Users\Jonathan_Poh\.gradle\caches\modules-2\files-2.1\io.jsonwebtoken\jjwt\0.9.0\64e3ed8a5f0bc93ecea592a0b3280f995efbdfe9\jjwt-0.9.0.jar;C:\Users\Jonathan_Poh\.gradle\caches\modules-2\files-2.1\org.springframework.boot\spring-boot-starter-json\2.0.5.RELEASE\d0052ded4733ceb1fb7d927238f22f9a92099227\spring-boot-starter-json-2.0.5.RELEASE.jar;C:\Users\Jonathan_Poh\.gradle\caches\modules-2\files-2.1\org.springframework.boot\spring-boot-starter\2.0.5.RELEASE\1f53487a373be18d064a5815e9bac9882ef15cdc\spring-boot-starter-2.0.5.RELEASE.jar;C:\Users\Jonathan_Poh\.gradle\caches\modules-2\files-2.1\org.mongodb\mongodb-driver\3.6.4\4ddaa4520e9b3a9255ae138f782d73432be6787d\mongodb-driver-3.6.4.jar;C:\Users\Jonathan_Poh\.gradle\caches\modules-2\files-2.1\org.springframework.data\spring-data-mongodb\2.0.10.RELEASE\14728aabbbf075f0dd1e825d7203fcc5ac22eb3f\spring-data-mongodb-2.0.10.RELEASE.jar;C:\Users\Jonathan_Poh\.gradle\caches\modules-2\files-2.1\org.springframework.security\spring-security-config\5.0.8.RELEASE\83a070861ad63c0dd5660d4529b9c37a3c9e3c50\spring-security-config-5.0.8.RELEASE.jar;C:\Users\Jonathan_Poh\.gradle\caches\modules-2\fi
Launcher Type: SUN_STANDARD

Environment Variables:
JAVA_HOME=C:\Program Files\Java\jdk1.8.0_181
JRE_HOME=C:\Program Files\Java\jdk1.8.0_181\jre
CLASSPATH=C:\Users\Jonathan_Poh\e2e Projects\loginauthendtoend\loginauthendtoend\\gradle\wrapper\gradle-wrapper.jar
PATH=C:\Program Files (x86)\Common Files\Oracle\Java\javapath;C:\Program Files (x86)\Intel\iCLS Client\;C:\Program Files\Intel\iCLS Client\;C:\WINDOWS\system32;C:\WINDOWS;C:\WINDOWS\System32\Wbem;C:\WINDOWS\System32\WindowsPowerShell\v1.0\;C:\Program Files (x86)\QuickTime\QTSystem\;C:\WINDOWS\system32\config\systemprofile\.dnx\bin;C:\Program Files\Microsoft DNX\Dnvm\;C:\Program Files\Microsoft SQL Server\130\Tools\Binn\;C:\Program Files (x86)\Windows Kits\10\Windows Performance Toolkit\;C:\MinGW\bin\;C:\MinGW\msys\1.0\bin\;C:\Program Files\Git\cmd;C:\Program Files\nodejs\;C:\WINDOWS\System32\OpenSSH\;C:\Users\Jonathan_Poh\AppData\Local\Microsoft\WindowsApps;C:\Users\Jonathan_Poh\AppData\Roaming\npm;C:\Program Files\Java\jdk1.8.0_181\bin;
USERNAME=Jonathan_Poh
OS=Windows_NT
PROCESSOR_IDENTIFIER=Intel64 Family 6 Model 61 Stepping 4, GenuineIntel



---------------  S Y S T E M  ---------------

OS: Windows 10.0 , 64 bit Build 17134 (10.0.17134.1)

CPU:total 4 (initial active 4) (2 cores per cpu, 2 threads per core) family 6 model 61 stepping 4, cmov, cx8, fxsr, mmx, sse, sse2, sse3, ssse3, sse4.1, sse4.2, popcnt, avx, avx2, aes, clmul, erms, 3dnowpref, lzcnt, ht, tsc, tscinvbit, bmi1, bmi2, adx

Memory: 4k page, physical 8288672k(507060k free), swap 19310736k(5320k free)

vm_info: Java HotSpot(TM) 64-Bit Server VM (25.181-b13) for windows-amd64 JRE (1.8.0_181-b13), built on Jul  7 2018 04:01:33 by "java_re" with MS VC++ 10.0 (VS2010)

time: Tue Oct 09 23:00:12 2018
elapsed time: 1 seconds (0d 0h 0m 1s)

