#
# There is insufficient memory for the Java Runtime Environment to continue.
# Native memory allocation (malloc) failed to allocate 814416 bytes for Chunk::new
# Possible reasons:
#   The system is out of physical RAM or swap space
#   In 32 bit mode, the process size limit was hit
# Possible solutions:
#   Reduce memory load on the system
#   Increase physical memory or swap space
#   Check if swap backing store is full
#   Use 64 bit Java on a 64 bit OS
#   Decrease Java heap size (-Xmx/-Xms)
#   Decrease number of Java threads
#   Decrease Java thread stack sizes (-Xss)
#   Set larger code cache with -XX:ReservedCodeCacheSize=
# This output file may be truncated or incomplete.
#
#  Out of Memory Error (allocation.cpp:390), pid=10888, tid=0x0000000000000ba8
#
# JRE version: Java(TM) SE Runtime Environment (8.0_181-b13) (build 1.8.0_181-b13)
# Java VM: Java HotSpot(TM) 64-Bit Server VM (25.181-b13 mixed mode windows-amd64 compressed oops)
# Failed to write core dump. Minidumps are not enabled by default on client versions of Windows
#

---------------  T H R E A D  ---------------

Current thread (0x0000000014fd3800):  JavaThread "C2 CompilerThread0" daemon [_thread_in_native, id=2984, stack(0x0000000016630000,0x0000000016730000)]

Stack: [0x0000000016630000,0x0000000016730000]
[error occurred during error reporting (printing stack bounds), id 0xc0000005]

Native frames: (J=compiled Java code, j=interpreted, Vv=VM code, C=native code)


Current CompileTask:
C2:   2972 1262       4       java.net.URLClassLoader$1::run (5 bytes)


---------------  P R O C E S S  ---------------

Java Threads: ( => current thread )
  0x0000000018056000 JavaThread "Cache worker for file hash cache (C:\Users\Jonathan_Poh\.gradle\caches\4.8.1\fileHashes)" [_thread_blocked, id=11500, stack(0x000000001a980000,0x000000001aa80000)]
  0x000000001839f800 JavaThread "Stdin handler" [_thread_blocked, id=4964, stack(0x000000001a680000,0x000000001a780000)]
  0x000000001839d800 JavaThread "Asynchronous log dispatcher for DefaultDaemonConnection: socket connection from /127.0.0.1:57880 to /127.0.0.1:57881" [_thread_blocked, id=12892, stack(0x000000001a580000,0x000000001a680000)]
  0x000000001839c800 JavaThread "Daemon worker" [_thread_in_vm, id=17948, stack(0x000000001a480000,0x000000001a580000)]
  0x000000001841c000 JavaThread "Cancel handler" [_thread_blocked, id=5440, stack(0x000000001a380000,0x000000001a480000)]
  0x0000000018418000 JavaThread "Handler for socket connection from /127.0.0.1:57880 to /127.0.0.1:57881" [_thread_in_native, id=10928, stack(0x000000001a280000,0x000000001a380000)]
  0x0000000018415800 JavaThread "Daemon" [_thread_blocked, id=11916, stack(0x000000001a180000,0x000000001a280000)]
  0x000000001795d800 JavaThread "Daemon periodic checks" [_thread_blocked, id=18180, stack(0x000000001a080000,0x000000001a180000)]
  0x0000000017cc1800 JavaThread "Incoming local TCP Connector on port 57880" [_thread_in_native, id=4552, stack(0x0000000019e40000,0x0000000019f40000)]
  0x00000000186fe000 JavaThread "Daemon health stats" [_thread_blocked, id=7280, stack(0x0000000019800000,0x0000000019900000)]
  0x000000001502d800 JavaThread "Service Thread" daemon [_thread_blocked, id=19156, stack(0x0000000016d30000,0x0000000016e30000)]
  0x0000000014fe5800 JavaThread "C1 CompilerThread2" daemon [_thread_blocked, id=17736, stack(0x0000000016830000,0x0000000016930000)]
  0x0000000014fd6800 JavaThread "C2 CompilerThread1" daemon [_thread_in_native, id=2820, stack(0x0000000016730000,0x0000000016830000)]
=>0x0000000014fd3800 JavaThread "C2 CompilerThread0" daemon [_thread_in_native, id=2984, stack(0x0000000016630000,0x0000000016730000)]
  0x0000000014fcf000 JavaThread "Attach Listener" daemon [_thread_blocked, id=10940, stack(0x0000000016530000,0x0000000016630000)]
  0x0000000014fca800 JavaThread "Signal Dispatcher" daemon [_thread_blocked, id=7136, stack(0x0000000016430000,0x0000000016530000)]
  0x00000000028cc000 JavaThread "Finalizer" daemon [_thread_blocked, id=9668, stack(0x0000000016240000,0x0000000016340000)]
  0x0000000014f99000 JavaThread "Reference Handler" daemon [_thread_blocked, id=11164, stack(0x0000000016140000,0x0000000016240000)]
  0x00000000028fe800 JavaThread "main" [_thread_blocked, id=1656, stack(0x0000000000f00000,0x0000000001000000)]

Other Threads:
  0x0000000014f97000 VMThread [stack: 0x0000000016040000,0x0000000016140000] [id=7776]
  0x000000001502e800 WatcherThread [stack: 0x0000000016e30000,0x0000000016f30000] [id=1148]

VM state:not at safepoint (normal execution)

VM Mutex/Monitor currently owned by a thread: None

Heap:
 PSYoungGen      total 38400K, used 11857K [0x00000000eab00000, 0x00000000ed580000, 0x0000000100000000)
  eden space 33280K, 20% used [0x00000000eab00000,0x00000000eb196040,0x00000000ecb80000)
  from space 5120K, 99% used [0x00000000ecb80000,0x00000000ed07e4e8,0x00000000ed080000)
  to   space 5120K, 0% used [0x00000000ed080000,0x00000000ed080000,0x00000000ed580000)
 ParOldGen       total 87552K, used 1826K [0x00000000c0000000, 0x00000000c5580000, 0x00000000eab00000)
  object space 87552K, 2% used [0x00000000c0000000,0x00000000c01c88c8,0x00000000c5580000)
 Metaspace       used 13950K, capacity 14200K, committed 14464K, reserved 1060864K
  class space    used 2034K, capacity 2118K, committed 2176K, reserved 1048576K

Card table byte_map: [0x0000000011cc0000,0x0000000011ed0000] byte_map_base: 0x00000000116c0000

Marking Bits: (ParMarkBitMap*) 0x0000000068162d00
 Begin Bits: [0x0000000012430000, 0x0000000013430000)
 End Bits:   [0x0000000013430000, 0x0000000014430000)

Polling page: 0x0000000000ab0000

CodeCache: size=245760Kb used=4544Kb max_used=4544Kb free=241215Kb
 bounds [0x0000000002900000, 0x0000000002d80000, 0x0000000011900000]
 total_blobs=1640 nmethods=1272 adapters=281
 compilation: enabled

Compilation events (10 events):
Event: 2.900 Thread 0x0000000014fe5800 1273       3       org.gradle.internal.service.DefaultServiceRegistry$OwnServices::getService (309 bytes)
Event: 2.903 Thread 0x0000000014fe5800 nmethod 1273 0x0000000002d6c550 code [0x0000000002d6ca40, 0x0000000002d6f9b8]
Event: 2.903 Thread 0x0000000014fe5800 1272       3       java.util.Collections::emptyList (4 bytes)
Event: 2.903 Thread 0x0000000014fe5800 nmethod 1272 0x0000000002d70fd0 code [0x0000000002d71120, 0x0000000002d71250]
Event: 2.912 Thread 0x0000000014fe5800 1274       3       java.util.regex.ASCII::isType (15 bytes)
Event: 2.913 Thread 0x0000000014fe5800 nmethod 1274 0x0000000002d712d0 code [0x0000000002d71440, 0x0000000002d716b0]
Event: 2.913 Thread 0x0000000014fe5800 1275       3       java.util.regex.ASCII::getType (17 bytes)
Event: 2.913 Thread 0x0000000014fe5800 nmethod 1275 0x0000000002d717d0 code [0x0000000002d71940, 0x0000000002d71b10]
Event: 2.938 Thread 0x0000000014fe5800 1276       3       java.util.regex.Pattern$CharProperty::study (29 bytes)
Event: 2.939 Thread 0x0000000014fe5800 nmethod 1276 0x0000000002d71bd0 code [0x0000000002d71d40, 0x0000000002d71f88]

GC Heap History (6 events):
Event: 1.273 GC heap before
{Heap before GC invocations=1 (full 0):
 PSYoungGen      total 38400K, used 33280K [0x00000000eab00000, 0x00000000ed580000, 0x0000000100000000)
  eden space 33280K, 100% used [0x00000000eab00000,0x00000000ecb80000,0x00000000ecb80000)
  from space 5120K, 0% used [0x00000000ed080000,0x00000000ed080000,0x00000000ed580000)
  to   space 5120K, 0% used [0x00000000ecb80000,0x00000000ecb80000,0x00000000ed080000)
 ParOldGen       total 87552K, used 0K [0x00000000c0000000, 0x00000000c5580000, 0x00000000eab00000)
  object space 87552K, 0% used [0x00000000c0000000,0x00000000c0000000,0x00000000c5580000)
 Metaspace       used 6841K, capacity 6992K, committed 7168K, reserved 1056768K
  class space    used 853K, capacity 908K, committed 1024K, reserved 1048576K
Event: 1.280 GC heap after
Heap after GC invocations=1 (full 0):
 PSYoungGen      total 38400K, used 4130K [0x00000000eab00000, 0x00000000ed580000, 0x0000000100000000)
  eden space 33280K, 0% used [0x00000000eab00000,0x00000000eab00000,0x00000000ecb80000)
  from space 5120K, 80% used [0x00000000ecb80000,0x00000000ecf88848,0x00000000ed080000)
  to   space 5120K, 0% used [0x00000000ed080000,0x00000000ed080000,0x00000000ed580000)
 ParOldGen       total 87552K, used 8K [0x00000000c0000000, 0x00000000c5580000, 0x00000000eab00000)
  object space 87552K, 0% used [0x00000000c0000000,0x00000000c0002000,0x00000000c5580000)
 Metaspace       used 6841K, capacity 6992K, committed 7168K, reserved 1056768K
  class space    used 853K, capacity 908K, committed 1024K, reserved 1048576K
}
Event: 1.900 GC heap before
{Heap before GC invocations=2 (full 0):
 PSYoungGen      total 38400K, used 37410K [0x00000000eab00000, 0x00000000ed580000, 0x0000000100000000)
  eden space 33280K, 100% used [0x00000000eab00000,0x00000000ecb80000,0x00000000ecb80000)
  from space 5120K, 80% used [0x00000000ecb80000,0x00000000ecf88848,0x00000000ed080000)
  to   space 5120K, 0% used [0x00000000ed080000,0x00000000ed080000,0x00000000ed580000)
 ParOldGen       total 87552K, used 8K [0x00000000c0000000, 0x00000000c5580000, 0x00000000eab00000)
  object space 87552K, 0% used [0x00000000c0000000,0x00000000c0002000,0x00000000c5580000)
 Metaspace       used 9478K, capacity 9758K, committed 9984K, reserved 1058816K
  class space    used 1304K, capacity 1421K, committed 1536K, reserved 1048576K
Event: 1.905 GC heap after
Heap after GC invocations=2 (full 0):
 PSYoungGen      total 38400K, used 4940K [0x00000000eab00000, 0x00000000ed580000, 0x0000000100000000)
  eden space 33280K, 0% used [0x00000000eab00000,0x00000000eab00000,0x00000000ecb80000)
  from space 5120K, 96% used [0x00000000ed080000,0x00000000ed553250,0x00000000ed580000)
  to   space 5120K, 0% used [0x00000000ecb80000,0x00000000ecb80000,0x00000000ed080000)
 ParOldGen       total 87552K, used 16K [0x00000000c0000000, 0x00000000c5580000, 0x00000000eab00000)
  object space 87552K, 0% used [0x00000000c0000000,0x00000000c0004000,0x00000000c5580000)
 Metaspace       used 9478K, capacity 9758K, committed 9984K, reserved 1058816K
  class space    used 1304K, capacity 1421K, committed 1536K, reserved 1048576K
}
Event: 2.840 GC heap before
{Heap before GC invocations=3 (full 0):
 PSYoungGen      total 38400K, used 38220K [0x00000000eab00000, 0x00000000ed580000, 0x0000000100000000)
  eden space 33280K, 100% used [0x00000000eab00000,0x00000000ecb80000,0x00000000ecb80000)
  from space 5120K, 96% used [0x00000000ed080000,0x00000000ed553250,0x00000000ed580000)
  to   space 5120K, 0% used [0x00000000ecb80000,0x00000000ecb80000,0x00000000ed080000)
 ParOldGen       total 87552K, used 16K [0x00000000c0000000, 0x00000000c5580000, 0x00000000eab00000)
  object space 87552K, 0% used [0x00000000c0000000,0x00000000c0004000,0x00000000c5580000)
 Metaspace       used 13368K, capacity 13622K, committed 13952K, reserved 1060864K
  class space    used 1933K, capacity 2053K, committed 2176K, reserved 1048576K
Event: 2.847 GC heap after
Heap after GC invocations=3 (full 0):
 PSYoungGen      total 38400K, used 5113K [0x00000000eab00000, 0x00000000ed580000, 0x0000000100000000)
  eden space 33280K, 0% used [0x00000000eab00000,0x00000000eab00000,0x00000000ecb80000)
  from space 5120K, 99% used [0x00000000ecb80000,0x00000000ed07e4e8,0x00000000ed080000)
  to   space 5120K, 0% used [0x00000000ed080000,0x00000000ed080000,0x00000000ed580000)
 ParOldGen       total 87552K, used 1826K [0x00000000c0000000, 0x00000000c5580000, 0x00000000eab00000)
  object space 87552K, 2% used [0x00000000c0000000,0x00000000c01c88c8,0x00000000c5580000)
 Metaspace       used 13368K, capacity 13622K, committed 13952K, reserved 1060864K
  class space    used 1933K, capacity 2053K, committed 2176K, reserved 1048576K
}

Deoptimization events (10 events):
Event: 1.769 Thread 0x00000000028fe800 Uncommon trap: reason=bimorphic action=maybe_recompile pc=0x0000000002b89ec4 method=java.util.HashMap.putVal(ILjava/lang/Object;Ljava/lang/Object;ZZ)Ljava/lang/Object; @ 91
Event: 1.840 Thread 0x00000000028fe800 Uncommon trap: reason=bimorphic action=maybe_recompile pc=0x0000000002c6708c method=java.util.HashMap.putVal(ILjava/lang/Object;Ljava/lang/Object;ZZ)Ljava/lang/Object; @ 203
Event: 2.054 Thread 0x00000000028fe800 Uncommon trap: reason=unstable_if action=reinterpret pc=0x0000000002c58024 method=java.io.WinNTFileSystem.normalize(Ljava/lang/String;)Ljava/lang/String; @ 128
Event: 2.054 Thread 0x00000000028fe800 Uncommon trap: reason=unstable_if action=reinterpret pc=0x0000000002c233b8 method=java.io.WinNTFileSystem.normalize(Ljava/lang/String;II)Ljava/lang/String; @ 90
Event: 2.534 Thread 0x000000001839c800 Uncommon trap: reason=bimorphic action=maybe_recompile pc=0x0000000002c669ec method=java.util.HashMap.putVal(ILjava/lang/Object;Ljava/lang/Object;ZZ)Ljava/lang/Object; @ 253
Event: 2.534 Thread 0x000000001839c800 Uncommon trap: reason=bimorphic action=maybe_recompile pc=0x0000000002c669ec method=java.util.HashMap.putVal(ILjava/lang/Object;Ljava/lang/Object;ZZ)Ljava/lang/Object; @ 253
Event: 2.878 Thread 0x000000001839c800 Uncommon trap: reason=class_check action=maybe_recompile pc=0x0000000002bc3f44 method=java.util.regex.Matcher.match(II)Z @ 86
Event: 2.878 Thread 0x000000001839c800 Uncommon trap: reason=class_check action=maybe_recompile pc=0x0000000002bc3f44 method=java.util.regex.Matcher.match(II)Z @ 86
Event: 2.912 Thread 0x000000001839c800 Uncommon trap: reason=class_check action=maybe_recompile pc=0x0000000002bc3f44 method=java.util.regex.Matcher.match(II)Z @ 86
Event: 2.939 Thread 0x000000001839c800 Uncommon trap: reason=class_check action=maybe_recompile pc=0x0000000002b9239c method=java.util.regex.Matcher.match(II)Z @ 86

Classes redefined (0 events):
No events

Internal exceptions (10 events):
Event: 0.722 Thread 0x00000000028fe800 Exception <a 'java/lang/ArrayIndexOutOfBoundsException'> (0x00000000eba0c230) thrown at [C:\re\workspace\8-2-build-windows-amd64-cygwin\jdk8u181\11358\hotspot\src\share\vm\runtime\sharedRuntime.cpp, line 605]
Event: 0.723 Thread 0x00000000028fe800 Exception <a 'java/lang/ArrayIndexOutOfBoundsException'> (0x00000000eba16008) thrown at [C:\re\workspace\8-2-build-windows-amd64-cygwin\jdk8u181\11358\hotspot\src\share\vm\runtime\sharedRuntime.cpp, line 605]
Event: 0.723 Thread 0x00000000028fe800 Exception <a 'java/lang/ArrayIndexOutOfBoundsException'> (0x00000000eba18148) thrown at [C:\re\workspace\8-2-build-windows-amd64-cygwin\jdk8u181\11358\hotspot\src\share\vm\runtime\sharedRuntime.cpp, line 605]
Event: 0.724 Thread 0x00000000028fe800 Exception <a 'java/lang/ArrayIndexOutOfBoundsException'> (0x00000000eba26490) thrown at [C:\re\workspace\8-2-build-windows-amd64-cygwin\jdk8u181\11358\hotspot\src\share\vm\runtime\sharedRuntime.cpp, line 605]
Event: 0.724 Thread 0x00000000028fe800 Exception <a 'java/lang/ArrayIndexOutOfBoundsException'> (0x00000000eba32d70) thrown at [C:\re\workspace\8-2-build-windows-amd64-cygwin\jdk8u181\11358\hotspot\src\share\vm\runtime\sharedRuntime.cpp, line 605]
Event: 0.735 Thread 0x00000000028fe800 Exception <a 'java/lang/ArrayIndexOutOfBoundsException'> (0x00000000eba46030) thrown at [C:\re\workspace\8-2-build-windows-amd64-cygwin\jdk8u181\11358\hotspot\src\share\vm\runtime\sharedRuntime.cpp, line 605]
Event: 0.735 Thread 0x00000000028fe800 Exception <a 'java/lang/ArrayIndexOutOfBoundsException'> (0x00000000eba47c90) thrown at [C:\re\workspace\8-2-build-windows-amd64-cygwin\jdk8u181\11358\hotspot\src\share\vm\runtime\sharedRuntime.cpp, line 605]
Event: 1.813 Thread 0x00000000028fe800 Exception <a 'java/lang/NoSuchFieldError': method resolution failed> (0x00000000ec717e18) thrown at [C:\re\workspace\8-2-build-windows-amd64-cygwin\jdk8u181\11358\hotspot\src\share\vm\prims\methodHandles.cpp, line 1167]
Event: 1.815 Thread 0x00000000028fe800 Exception <a 'java/lang/NoSuchFieldError': method resolution failed> (0x00000000ec725af8) thrown at [C:\re\workspace\8-2-build-windows-amd64-cygwin\jdk8u181\11358\hotspot\src\share\vm\prims\methodHandles.cpp, line 1167]
Event: 2.435 Thread 0x00000000028fe800 Exception <a 'java/io/IOException'> (0x00000000eae782a8) thrown at [C:\re\workspace\8-2-build-windows-amd64-cygwin\jdk8u181\11358\hotspot\src\share\vm\prims\jni.cpp, line 709]

Events (10 events):
Event: 2.965 loading class org/gradle/api/internal/changedetection/state/InMemoryCacheDecoratorFactory$CacheDetails
Event: 2.965 loading class org/gradle/api/internal/changedetection/state/InMemoryCacheDecoratorFactory$CacheDetails done
Event: 2.966 loading class org/gradle/api/internal/changedetection/state/InMemoryDecoratedCache
Event: 2.966 loading class org/gradle/api/internal/changedetection/state/InMemoryDecoratedCache done
Event: 2.968 loading class org/gradle/cache/internal/CrossProcessSynchronizingCache
Event: 2.968 loading class org/gradle/cache/internal/CrossProcessSynchronizingCache done
Event: 2.968 loading class org/gradle/internal/Factories
Event: 2.968 loading class org/gradle/internal/Factories done
Event: 2.969 loading class org/gradle/internal/Factories$1
Event: 2.969 loading class org/gradle/internal/Factories$1 done


Dynamic libraries:
0x00007ff753200000 - 0x00007ff753237000 	C:\Program Files\Java\jdk1.8.0_181\bin\java.exe
0x00007ff8a6520000 - 0x00007ff8a6701000 	C:\WINDOWS\SYSTEM32\ntdll.dll
0x00007ff8a3bd0000 - 0x00007ff8a3c82000 	C:\WINDOWS\System32\KERNEL32.DLL
0x00007ff8a3440000 - 0x00007ff8a36b3000 	C:\WINDOWS\System32\KERNELBASE.dll
0x00007ff8a4940000 - 0x00007ff8a49e1000 	C:\WINDOWS\System32\ADVAPI32.dll
0x00007ff8a3a10000 - 0x00007ff8a3aae000 	C:\WINDOWS\System32\msvcrt.dll
0x00007ff8a3e20000 - 0x00007ff8a3e7b000 	C:\WINDOWS\System32\sechost.dll
0x00007ff8a3f20000 - 0x00007ff8a4044000 	C:\WINDOWS\System32\RPCRT4.dll
0x00007ff8a6360000 - 0x00007ff8a64f0000 	C:\WINDOWS\System32\USER32.dll
0x00007ff8a3320000 - 0x00007ff8a3340000 	C:\WINDOWS\System32\win32u.dll
0x00007ff8a3ab0000 - 0x00007ff8a3ad8000 	C:\WINDOWS\System32\GDI32.dll
0x00007ff8a28f0000 - 0x00007ff8a2a82000 	C:\WINDOWS\System32\gdi32full.dll
0x00007ff8a3340000 - 0x00007ff8a33df000 	C:\WINDOWS\System32\msvcp_win.dll
0x00007ff8a3220000 - 0x00007ff8a331a000 	C:\WINDOWS\System32\ucrtbase.dll
0x00007ff892eb0000 - 0x00007ff893119000 	C:\WINDOWS\WinSxS\amd64_microsoft.windows.common-controls_6595b64144ccf1df_6.0.17134.320_none_fb3d992f3069e403\COMCTL32.dll
0x00007ff8a43c0000 - 0x00007ff8a46e3000 	C:\WINDOWS\System32\combase.dll
0x00007ff8a31a0000 - 0x00007ff8a321a000 	C:\WINDOWS\System32\bcryptPrimitives.dll
0x00007ff8a4ef0000 - 0x00007ff8a4f1d000 	C:\WINDOWS\System32\IMM32.DLL
0x00000000681f0000 - 0x00000000682c2000 	C:\Program Files\Java\jdk1.8.0_181\jre\bin\msvcr100.dll
0x0000000067940000 - 0x00000000681e2000 	C:\Program Files\Java\jdk1.8.0_181\jre\bin\server\jvm.dll
0x00007ff8a3c90000 - 0x00007ff8a3c98000 	C:\WINDOWS\System32\PSAPI.DLL
0x00007ff894c60000 - 0x00007ff894c69000 	C:\WINDOWS\SYSTEM32\WSOCK32.dll
0x00007ff8a08b0000 - 0x00007ff8a08d3000 	C:\WINDOWS\SYSTEM32\WINMM.dll
0x00007ff8a4060000 - 0x00007ff8a40cc000 	C:\WINDOWS\System32\WS2_32.dll
0x00007ff895420000 - 0x00007ff89542a000 	C:\WINDOWS\SYSTEM32\VERSION.dll
0x00007ff8a0880000 - 0x00007ff8a08aa000 	C:\WINDOWS\SYSTEM32\WINMMBASE.dll
0x00007ff8a3960000 - 0x00007ff8a39a9000 	C:\WINDOWS\System32\cfgmgr32.dll
0x0000000067930000 - 0x000000006793f000 	C:\Program Files\Java\jdk1.8.0_181\jre\bin\verify.dll
0x0000000067900000 - 0x0000000067929000 	C:\Program Files\Java\jdk1.8.0_181\jre\bin\java.dll
0x00000000678e0000 - 0x00000000678f6000 	C:\Program Files\Java\jdk1.8.0_181\jre\bin\zip.dll
0x00007ff8a4f20000 - 0x00007ff8a635f000 	C:\WINDOWS\System32\SHELL32.dll
0x00007ff8a4e40000 - 0x00007ff8a4ee9000 	C:\WINDOWS\System32\shcore.dll
0x00007ff8a2a90000 - 0x00007ff8a319d000 	C:\WINDOWS\System32\windows.storage.dll
0x00007ff8a3b70000 - 0x00007ff8a3bc1000 	C:\WINDOWS\System32\shlwapi.dll
0x00007ff8a28a0000 - 0x00007ff8a28b1000 	C:\WINDOWS\System32\kernel.appcore.dll
0x00007ff8a2880000 - 0x00007ff8a289f000 	C:\WINDOWS\System32\profapi.dll
0x00007ff8a2830000 - 0x00007ff8a287c000 	C:\WINDOWS\System32\powrprof.dll
0x00007ff8a28e0000 - 0x00007ff8a28ea000 	C:\WINDOWS\System32\FLTLIB.DLL
0x00000000678c0000 - 0x00000000678da000 	C:\Program Files\Java\jdk1.8.0_181\jre\bin\net.dll
0x00007ff8a2050000 - 0x00007ff8a20b6000 	C:\WINDOWS\system32\mswsock.dll
0x00000000678a0000 - 0x00000000678b1000 	C:\Program Files\Java\jdk1.8.0_181\jre\bin\nio.dll
0x00007ff8949e0000 - 0x00007ff8949fe000 	C:\Users\Jonathan_Poh\.gradle\native\25\windows-amd64\native-platform.dll
0x0000000067890000 - 0x000000006789d000 	C:\Program Files\Java\jdk1.8.0_181\jre\bin\management.dll
0x00007ff8a2200000 - 0x00007ff8a2217000 	C:\WINDOWS\SYSTEM32\CRYPTSP.dll
0x00007ff8a1c30000 - 0x00007ff8a1c63000 	C:\WINDOWS\system32\rsaenh.dll
0x00007ff8a2330000 - 0x00007ff8a2355000 	C:\WINDOWS\SYSTEM32\bcrypt.dll
0x00007ff8a2730000 - 0x00007ff8a2758000 	C:\WINDOWS\SYSTEM32\USERENV.dll
0x00007ff8a2220000 - 0x00007ff8a222b000 	C:\WINDOWS\SYSTEM32\CRYPTBASE.dll
0x00007ff8a1dd0000 - 0x00007ff8a1e08000 	C:\WINDOWS\SYSTEM32\IPHLPAPI.DLL
0x00007ff8a4050000 - 0x00007ff8a4058000 	C:\WINDOWS\System32\NSI.dll
0x00007ff8982a0000 - 0x00007ff8982b6000 	C:\WINDOWS\SYSTEM32\dhcpcsvc6.DLL
0x00007ff898390000 - 0x00007ff8983aa000 	C:\WINDOWS\SYSTEM32\dhcpcsvc.DLL

VM Arguments:
jvm_args: -XX:+HeapDumpOnOutOfMemoryError -Xmx1024m -Dfile.encoding=windows-1252 -Duser.country=GB -Duser.language=en -Duser.variant 
java_command: org.gradle.launcher.daemon.bootstrap.GradleDaemon 4.8.1
java_class_path (initial): C:\Users\Jonathan_Poh\.gradle\wrapper\dists\gradle-4.8.1-bin\e8p42vx1m7a3mz9ydmjagn6wn\gradle-4.8.1\lib\gradle-launcher-4.8.1.jar
Launcher Type: SUN_STANDARD

Environment Variables:
JAVA_HOME=C:\Program Files\Java\jdk1.8.0_181
JRE_HOME=C:\Program Files\Java\jdk1.8.0_181\jre
CLASSPATH=C:\Users\Jonathan_Poh\e2e Projects\loginauthendtoend\loginauthendtoend\\gradle\wrapper\gradle-wrapper.jar
PATH=C:\Program Files (x86)\Common Files\Oracle\Java\javapath;C:\Program Files (x86)\Intel\iCLS Client\;C:\Program Files\Intel\iCLS Client\;C:\WINDOWS\system32;C:\WINDOWS;C:\WINDOWS\System32\Wbem;C:\WINDOWS\System32\WindowsPowerShell\v1.0\;C:\Program Files (x86)\QuickTime\QTSystem\;C:\WINDOWS\system32\config\systemprofile\.dnx\bin;C:\Program Files\Microsoft DNX\Dnvm\;C:\Program Files\Microsoft SQL Server\130\Tools\Binn\;C:\Program Files (x86)\Windows Kits\10\Windows Performance Toolkit\;C:\MinGW\bin\;C:\MinGW\msys\1.0\bin\;C:\Program Files\Git\cmd;C:\Program Files\nodejs\;C:\WINDOWS\System32\OpenSSH\;C:\Users\Jonathan_Poh\AppData\Local\Microsoft\WindowsApps;C:\Users\Jonathan_Poh\AppData\Roaming\npm;C:\Program Files\Java\jdk1.8.0_181\bin;
USERNAME=Jonathan_Poh
OS=Windows_NT
PROCESSOR_IDENTIFIER=Intel64 Family 6 Model 61 Stepping 4, GenuineIntel



---------------  S Y S T E M  ---------------

OS: Windows 10.0 , 64 bit Build 17134 (10.0.17134.1)

CPU:total 4 (initial active 4) (2 cores per cpu, 2 threads per core) family 6 model 61 stepping 4, cmov, cx8, fxsr, mmx, sse, sse2, sse3, ssse3, sse4.1, sse4.2, popcnt, avx, avx2, aes, clmul, erms, 3dnowpref, lzcnt, ht, tsc, tscinvbit, bmi1, bmi2, adx

Memory: 4k page, physical 8288672k(471748k free), swap 19281440k(5576k free)

vm_info: Java HotSpot(TM) 64-Bit Server VM (25.181-b13) for windows-amd64 JRE (1.8.0_181-b13), built on Jul  7 2018 04:01:33 by "java_re" with MS VC++ 10.0 (VS2010)

time: Tue Oct 09 22:05:56 2018
elapsed time: 2 seconds (0d 0h 0m 2s)

