#
# There is insufficient memory for the Java Runtime Environment to continue.
# Native memory allocation (malloc) failed to allocate 980336 bytes for Chunk::new
# Possible reasons:
#   The system is out of physical RAM or swap space
#   In 32 bit mode, the process size limit was hit
# Possible solutions:
#   Reduce memory load on the system
#   Increase physical memory or swap space
#   Check if swap backing store is full
#   Use 64 bit Java on a 64 bit OS
#   Decrease Java heap size (-Xmx/-Xms)
#   Decrease number of Java threads
#   Decrease Java thread stack sizes (-Xss)
#   Set larger code cache with -XX:ReservedCodeCacheSize=
# This output file may be truncated or incomplete.
#
#  Out of Memory Error (allocation.cpp:390), pid=16400, tid=0x00000000000042fc
#
# JRE version: Java(TM) SE Runtime Environment (8.0_181-b13) (build 1.8.0_181-b13)
# Java VM: Java HotSpot(TM) 64-Bit Server VM (25.181-b13 mixed mode windows-amd64 compressed oops)
# Failed to write core dump. Minidumps are not enabled by default on client versions of Windows
#

---------------  T H R E A D  ---------------

Current thread (0x0000000017639800):  JavaThread "C2 CompilerThread1" daemon [_thread_in_native, id=17148, stack(0x0000000018d70000,0x0000000018e70000)]

Stack: [0x0000000018d70000,0x0000000018e70000]
[error occurred during error reporting (printing stack bounds), id 0xc0000005]

Native frames: (J=compiled Java code, j=interpreted, Vv=VM code, C=native code)


Current CompileTask:
C2:   5745 3884       4       org.springframework.core.annotation.AnnotationUtils::findAnnotation (223 bytes)


---------------  P R O C E S S  ---------------

Java Threads: ( => current thread )
  0x000000001dc17000 JavaThread "CleanCursors-1-thread-1" daemon [_thread_blocked, id=8900, stack(0x000000001ef90000,0x000000001f090000)]
  0x000000001dc16800 JavaThread "cluster-ClusterId{value='5bbcc2285858434010a2dbba', description='null'}-localhost:27017" daemon [_thread_blocked, id=8876, stack(0x000000001ee90000,0x000000001ef90000)]
  0x000000001dc44000 JavaThread "localhost-startStop-1" daemon [_thread_in_native, id=7564, stack(0x000000001e6f0000,0x000000001e7f0000)]
  0x000000001b610800 JavaThread "Tomcat-startStop-1" daemon [_thread_blocked, id=6536, stack(0x000000001d590000,0x000000001d690000)]
  0x0000000018fa8800 JavaThread "Service Thread" daemon [_thread_blocked, id=1232, stack(0x0000000019370000,0x0000000019470000)]
  0x000000001763e000 JavaThread "C1 CompilerThread2" daemon [_thread_blocked, id=12944, stack(0x0000000018e70000,0x0000000018f70000)]
=>0x0000000017639800 JavaThread "C2 CompilerThread1" daemon [_thread_in_native, id=17148, stack(0x0000000018d70000,0x0000000018e70000)]
  0x0000000017637800 JavaThread "C2 CompilerThread0" daemon [_thread_in_native, id=2276, stack(0x0000000018c70000,0x0000000018d70000)]
  0x0000000017633800 JavaThread "Attach Listener" daemon [_thread_blocked, id=10844, stack(0x0000000018b70000,0x0000000018c70000)]
  0x0000000017632000 JavaThread "Signal Dispatcher" daemon [_thread_blocked, id=16300, stack(0x0000000018a70000,0x0000000018b70000)]
  0x0000000017620800 JavaThread "Finalizer" daemon [_thread_blocked, id=14068, stack(0x0000000018880000,0x0000000018980000)]
  0x0000000002ad6000 JavaThread "Reference Handler" daemon [_thread_blocked, id=7896, stack(0x0000000018780000,0x0000000018880000)]
  0x00000000029e6000 JavaThread "main" [_thread_blocked, id=10296, stack(0x00000000028e0000,0x00000000029e0000)]

Other Threads:
  0x00000000175f7800 VMThread [stack: 0x0000000018680000,0x0000000018780000] [id=584]
  0x000000001768d800 WatcherThread [stack: 0x0000000019470000,0x0000000019570000] [id=13580]

VM state:not at safepoint (normal execution)

VM Mutex/Monitor currently owned by a thread: None

Heap:
 PSYoungGen      total 71680K, used 42050K [0x00000000d5d80000, 0x00000000da880000, 0x0000000100000000)
  eden space 66560K, 63% used [0x00000000d5d80000,0x00000000d86909c0,0x00000000d9e80000)
  from space 5120K, 0% used [0x00000000d9e80000,0x00000000d9e80000,0x00000000da380000)
  to   space 5120K, 0% used [0x00000000da380000,0x00000000da380000,0x00000000da880000)
 ParOldGen       total 57344K, used 17914K [0x0000000081800000, 0x0000000085000000, 0x00000000d5d80000)
  object space 57344K, 31% used [0x0000000081800000,0x000000008297e9c0,0x0000000085000000)
 Metaspace       used 38058K, capacity 39766K, committed 39984K, reserved 1087488K
  class space    used 4989K, capacity 5298K, committed 5424K, reserved 1048576K

Card table byte_map: [0x0000000011ea0000,0x00000000122a0000] byte_map_base: 0x0000000011a94000

Marking Bits: (ParMarkBitMap*) 0x0000000068162d00
 Begin Bits: [0x0000000012950000, 0x00000000148f0000)
 End Bits:   [0x00000000148f0000, 0x0000000016890000)

Polling page: 0x0000000000a80000

CodeCache: size=245760Kb used=13807Kb max_used=13807Kb free=231952Kb
 bounds [0x0000000002ae0000, 0x0000000003870000, 0x0000000011ae0000]
 total_blobs=4307 nmethods=3875 adapters=342
 compilation: enabled

Compilation events (10 events):
Event: 5.685 Thread 0x000000001763e000 3916       3       java.util.stream.ReferencePipeline$3::<init> (20 bytes)
Event: 5.686 Thread 0x000000001763e000 nmethod 3916 0x0000000003861150 code [0x00000000038612c0, 0x0000000003861568]
Event: 5.686 Thread 0x000000001763e000 3918       3       java.util.Optional::of (9 bytes)
Event: 5.686 Thread 0x000000001763e000 nmethod 3918 0x00000000038616d0 code [0x0000000003861860, 0x0000000003861c08]
Event: 5.686 Thread 0x000000001763e000 3919       3       java.util.Optional::<init> (13 bytes)
Event: 5.686 Thread 0x000000001763e000 nmethod 3919 0x0000000003861dd0 code [0x0000000003861f40, 0x0000000003862268]
Event: 5.686 Thread 0x000000001763e000 3921       3       org.springframework.data.mapping.model.AnnotationBasedPersistentProperty$$Lambda$395/686307526::apply (12 bytes)
Event: 5.686 Thread 0x000000001763e000 nmethod 3921 0x00000000038623d0 code [0x0000000003862540, 0x0000000003862828]
Event: 5.686 Thread 0x000000001763e000 3920   !   3       org.springframework.core.annotation.AnnotatedElementUtils::searchWithFindSemantics (78 bytes)
Event: 5.687 Thread 0x000000001763e000 nmethod 3920 0x0000000003862910 code [0x0000000003862ba0, 0x0000000003863e98]

GC Heap History (10 events):
Event: 1.763 GC heap before
{Heap before GC invocations=5 (full 1):
 PSYoungGen      total 71680K, used 5110K [0x00000000d5d80000, 0x00000000da880000, 0x0000000100000000)
  eden space 66560K, 0% used [0x00000000d5d80000,0x00000000d5d80000,0x00000000d9e80000)
  from space 5120K, 99% used [0x00000000da380000,0x00000000da87daa8,0x00000000da880000)
  to   space 5120K, 0% used [0x00000000d9e80000,0x00000000d9e80000,0x00000000da380000)
 ParOldGen       total 87552K, used 5476K [0x0000000081800000, 0x0000000086d80000, 0x00000000d5d80000)
  object space 87552K, 6% used [0x0000000081800000,0x0000000081d59238,0x0000000086d80000)
 Metaspace       used 20627K, capacity 21174K, committed 21296K, reserved 1067008K
  class space    used 2663K, capacity 2820K, committed 2864K, reserved 1048576K
Event: 1.797 GC heap after
Heap after GC invocations=5 (full 1):
 PSYoungGen      total 71680K, used 0K [0x00000000d5d80000, 0x00000000da880000, 0x0000000100000000)
  eden space 66560K, 0% used [0x00000000d5d80000,0x00000000d5d80000,0x00000000d9e80000)
  from space 5120K, 0% used [0x00000000da380000,0x00000000da380000,0x00000000da880000)
  to   space 5120K, 0% used [0x00000000d9e80000,0x00000000d9e80000,0x00000000da380000)
 ParOldGen       total 57344K, used 6679K [0x0000000081800000, 0x0000000085000000, 0x00000000d5d80000)
  object space 57344K, 11% used [0x0000000081800000,0x0000000081e85e10,0x0000000085000000)
 Metaspace       used 20627K, capacity 21174K, committed 21296K, reserved 1067008K
  class space    used 2663K, capacity 2820K, committed 2864K, reserved 1048576K
}
Event: 2.882 GC heap before
{Heap before GC invocations=6 (full 1):
 PSYoungGen      total 71680K, used 66560K [0x00000000d5d80000, 0x00000000da880000, 0x0000000100000000)
  eden space 66560K, 100% used [0x00000000d5d80000,0x00000000d9e80000,0x00000000d9e80000)
  from space 5120K, 0% used [0x00000000da380000,0x00000000da380000,0x00000000da880000)
  to   space 5120K, 0% used [0x00000000d9e80000,0x00000000d9e80000,0x00000000da380000)
 ParOldGen       total 57344K, used 6679K [0x0000000081800000, 0x0000000085000000, 0x00000000d5d80000)
  object space 57344K, 11% used [0x0000000081800000,0x0000000081e85e10,0x0000000085000000)
 Metaspace       used 26695K, capacity 27620K, committed 27824K, reserved 1073152K
  class space    used 3454K, capacity 3683K, committed 3760K, reserved 1048576K
Event: 2.896 GC heap after
Heap after GC invocations=6 (full 1):
 PSYoungGen      total 71680K, used 5096K [0x00000000d5d80000, 0x00000000da880000, 0x0000000100000000)
  eden space 66560K, 0% used [0x00000000d5d80000,0x00000000d5d80000,0x00000000d9e80000)
  from space 5120K, 99% used [0x00000000d9e80000,0x00000000da37a0a0,0x00000000da380000)
  to   space 5120K, 0% used [0x00000000da380000,0x00000000da380000,0x00000000da880000)
 ParOldGen       total 57344K, used 9370K [0x0000000081800000, 0x0000000085000000, 0x00000000d5d80000)
  object space 57344K, 16% used [0x0000000081800000,0x0000000082126a28,0x0000000085000000)
 Metaspace       used 26695K, capacity 27620K, committed 27824K, reserved 1073152K
  class space    used 3454K, capacity 3683K, committed 3760K, reserved 1048576K
}
Event: 4.115 GC heap before
{Heap before GC invocations=7 (full 1):
 PSYoungGen      total 71680K, used 71656K [0x00000000d5d80000, 0x00000000da880000, 0x0000000100000000)
  eden space 66560K, 100% used [0x00000000d5d80000,0x00000000d9e80000,0x00000000d9e80000)
  from space 5120K, 99% used [0x00000000d9e80000,0x00000000da37a0a0,0x00000000da380000)
  to   space 5120K, 0% used [0x00000000da380000,0x00000000da380000,0x00000000da880000)
 ParOldGen       total 57344K, used 9370K [0x0000000081800000, 0x0000000085000000, 0x00000000d5d80000)
  object space 57344K, 16% used [0x0000000081800000,0x0000000082126a28,0x0000000085000000)
 Metaspace       used 31009K, capacity 32252K, committed 32432K, reserved 1077248K
  class space    used 4024K, capacity 4267K, committed 4272K, reserved 1048576K
Event: 4.128 GC heap after
Heap after GC invocations=7 (full 1):
 PSYoungGen      total 71680K, used 5108K [0x00000000d5d80000, 0x00000000da880000, 0x0000000100000000)
  eden space 66560K, 0% used [0x00000000d5d80000,0x00000000d5d80000,0x00000000d9e80000)
  from space 5120K, 99% used [0x00000000da380000,0x00000000da87d030,0x00000000da880000)
  to   space 5120K, 0% used [0x00000000d9e80000,0x00000000d9e80000,0x00000000da380000)
 ParOldGen       total 57344K, used 16857K [0x0000000081800000, 0x0000000085000000, 0x00000000d5d80000)
  object space 57344K, 29% used [0x0000000081800000,0x0000000082876628,0x0000000085000000)
 Metaspace       used 31009K, capacity 32252K, committed 32432K, reserved 1077248K
  class space    used 4024K, capacity 4267K, committed 4272K, reserved 1048576K
}
Event: 4.847 GC heap before
{Heap before GC invocations=8 (full 1):
 PSYoungGen      total 71680K, used 35961K [0x00000000d5d80000, 0x00000000da880000, 0x0000000100000000)
  eden space 66560K, 46% used [0x00000000d5d80000,0x00000000d7ba1498,0x00000000d9e80000)
  from space 5120K, 99% used [0x00000000da380000,0x00000000da87d030,0x00000000da880000)
  to   space 5120K, 0% used [0x00000000d9e80000,0x00000000d9e80000,0x00000000da380000)
 ParOldGen       total 57344K, used 16857K [0x0000000081800000, 0x0000000085000000, 0x00000000d5d80000)
  object space 57344K, 29% used [0x0000000081800000,0x0000000082876628,0x0000000085000000)
 Metaspace       used 33969K, capacity 35330K, committed 35496K, reserved 1081344K
  class space    used 4360K, capacity 4616K, committed 4656K, reserved 1048576K
Event: 4.858 GC heap after
Heap after GC invocations=8 (full 1):
 PSYoungGen      total 71680K, used 5092K [0x00000000d5d80000, 0x00000000da880000, 0x0000000100000000)
  eden space 66560K, 0% used [0x00000000d5d80000,0x00000000d5d80000,0x00000000d9e80000)
  from space 5120K, 99% used [0x00000000d9e80000,0x00000000da379040,0x00000000da380000)
  to   space 5120K, 0% used [0x00000000da380000,0x00000000da380000,0x00000000da880000)
 ParOldGen       total 57344K, used 20113K [0x0000000081800000, 0x0000000085000000, 0x00000000d5d80000)
  object space 57344K, 35% used [0x0000000081800000,0x0000000082ba47a8,0x0000000085000000)
 Metaspace       used 33969K, capacity 35330K, committed 35496K, reserved 1081344K
  class space    used 4360K, capacity 4616K, committed 4656K, reserved 1048576K
}
Event: 4.858 GC heap before
{Heap before GC invocations=9 (full 2):
 PSYoungGen      total 71680K, used 5092K [0x00000000d5d80000, 0x00000000da880000, 0x0000000100000000)
  eden space 66560K, 0% used [0x00000000d5d80000,0x00000000d5d80000,0x00000000d9e80000)
  from space 5120K, 99% used [0x00000000d9e80000,0x00000000da379040,0x00000000da380000)
  to   space 5120K, 0% used [0x00000000da380000,0x00000000da380000,0x00000000da880000)
 ParOldGen       total 57344K, used 20113K [0x0000000081800000, 0x0000000085000000, 0x00000000d5d80000)
  object space 57344K, 35% used [0x0000000081800000,0x0000000082ba47a8,0x0000000085000000)
 Metaspace       used 33969K, capacity 35330K, committed 35496K, reserved 1081344K
  class space    used 4360K, capacity 4616K, committed 4656K, reserved 1048576K
Event: 4.937 GC heap after
Heap after GC invocations=9 (full 2):
 PSYoungGen      total 71680K, used 0K [0x00000000d5d80000, 0x00000000da880000, 0x0000000100000000)
  eden space 66560K, 0% used [0x00000000d5d80000,0x00000000d5d80000,0x00000000d9e80000)
  from space 5120K, 0% used [0x00000000d9e80000,0x00000000d9e80000,0x00000000da380000)
  to   space 5120K, 0% used [0x00000000da380000,0x00000000da380000,0x00000000da880000)
 ParOldGen       total 57344K, used 17914K [0x0000000081800000, 0x0000000085000000, 0x00000000d5d80000)
  object space 57344K, 31% used [0x0000000081800000,0x000000008297e9c0,0x0000000085000000)
 Metaspace       used 33969K, capacity 35330K, committed 35496K, reserved 1081344K
  class space    used 4360K, capacity 4616K, committed 4656K, reserved 1048576K
}

Deoptimization events (10 events):
Event: 5.439 Thread 0x000000001dc44000 Uncommon trap: reason=class_check action=maybe_recompile pc=0x00000000037f7764 method=java.io.DataInputStream.readChar()C @ 4
Event: 5.439 Thread 0x000000001dc44000 Uncommon trap: reason=class_check action=maybe_recompile pc=0x00000000037f7764 method=java.io.DataInputStream.readChar()C @ 4
Event: 5.517 Thread 0x000000001dc44000 Uncommon trap: reason=unstable_if action=reinterpret pc=0x00000000037bdfe0 method=java.util.Arrays.equals([B[B)Z @ 2
Event: 5.546 Thread 0x000000001dc44000 Uncommon trap: reason=unstable_if action=reinterpret pc=0x0000000002fbdd24 method=org.springframework.util.ConcurrentReferenceHashMap$Segment.restructureIfNecessary(Z)V @ 33
Event: 5.633 Thread 0x000000001dc44000 Uncommon trap: reason=unstable_if action=reinterpret pc=0x0000000003540934 method=java.lang.Class$MethodArray.addIfNotPresent(Ljava/lang/reflect/Method;)V @ 19
Event: 5.634 Thread 0x000000001dc44000 Uncommon trap: reason=unstable_if action=reinterpret pc=0x0000000002c68698 method=org.springframework.core.BridgeMethodResolver.isBridgedCandidateFor(Ljava/lang/reflect/Method;Ljava/lang/reflect/Method;)Z @ 37
Event: 5.646 Thread 0x000000001dc44000 Uncommon trap: reason=unstable_if action=reinterpret pc=0x0000000003436c54 method=org.springframework.util.ConcurrentReferenceHashMap$Segment.clear()V @ 4
Event: 5.677 Thread 0x000000001dc44000 Uncommon trap: reason=class_check action=maybe_recompile pc=0x00000000036f4108 method=org.springframework.util.ConcurrentReferenceHashMap$Segment.findInChain(Lorg/springframework/util/ConcurrentReferenceHashMap$Reference;Ljava/lang/Object;I)Lorg/springfra
Event: 5.687 Thread 0x000000001dc44000 Uncommon trap: reason=class_check action=maybe_recompile pc=0x00000000036f4108 method=org.springframework.util.ConcurrentReferenceHashMap$Segment.findInChain(Lorg/springframework/util/ConcurrentReferenceHashMap$Reference;Ljava/lang/Object;I)Lorg/springfra
Event: 5.716 Thread 0x000000001dc44000 Uncommon trap: reason=class_check action=maybe_recompile pc=0x0000000002ce2c54 method=java.lang.String.equals(Ljava/lang/Object;)Z @ 8

Classes redefined (0 events):
No events

Internal exceptions (10 events):
Event: 5.581 Thread 0x000000001dc44000 Exception <a 'java/lang/NoSuchMethodError': java.lang.Object.fromNullable(Ljava/lang/Object;)Ljava/util/stream/Stream;> (0x00000000d7d47b30) thrown at [C:\re\workspace\8-2-build-windows-amd64-cygwin\jdk8u181\11358\hotspot\src\share\vm\interpreter\linkReso
Event: 5.595 Thread 0x000000001dc44000 Exception <a 'java/lang/ClassNotFoundException': java/lang/ObjectCustomizer> (0x00000000d7e175c0) thrown at [C:\re\workspace\8-2-build-windows-amd64-cygwin\jdk8u181\11358\hotspot\src\share\vm\classfile\systemDictionary.cpp, line 210]
Event: 5.596 Thread 0x000000001dc44000 Exception <a 'java/lang/ClassNotFoundException': com/example/loginauthendtoend/model/CxxxUserCustomizer> (0x00000000d7e2e710) thrown at [C:\re\workspace\8-2-build-windows-amd64-cygwin\jdk8u181\11358\hotspot\src\share\vm\classfile\systemDictionary.cpp, lin
Event: 5.636 Thread 0x000000001dc44000 Exception <a 'java/lang/ClassNotFoundException': java/lang/ObjectCustomizer> (0x00000000d80b46c0) thrown at [C:\re\workspace\8-2-build-windows-amd64-cygwin\jdk8u181\11358\hotspot\src\share\vm\classfile\systemDictionary.cpp, line 210]
Event: 5.638 Thread 0x000000001dc44000 Exception <a 'java/lang/ClassNotFoundException': org/springframework/data/mongodb/core/convert/AbstractMongoConverterCustomizer> (0x00000000d80cfc80) thrown at [C:\re\workspace\8-2-build-windows-amd64-cygwin\jdk8u181\11358\hotspot\src\share\vm\classfile\s
Event: 5.639 Thread 0x000000001dc44000 Exception <a 'java/lang/ClassNotFoundException': org/springframework/data/mongodb/core/convert/MappingMongoConverterCustomizer> (0x00000000d80ec500) thrown at [C:\re\workspace\8-2-build-windows-amd64-cygwin\jdk8u181\11358\hotspot\src\share\vm\classfile\sy
Event: 5.640 Thread 0x000000001dc44000 Exception <a 'java/lang/ClassNotFoundException': org/springframework/context/ApplicationContextAwareCustomizer> (0x00000000d811dea8) thrown at [C:\re\workspace\8-2-build-windows-amd64-cygwin\jdk8u181\11358\hotspot\src\share\vm\classfile\systemDictionary.c
Event: 5.642 Thread 0x000000001dc44000 Exception <a 'java/lang/ClassNotFoundException': org/springframework/data/mongodb/core/convert/ValueResolverCustomizer> (0x00000000d8135ac8) thrown at [C:\re\workspace\8-2-build-windows-amd64-cygwin\jdk8u181\11358\hotspot\src\share\vm\classfile\systemDict
Event: 5.643 Thread 0x000000001dc44000 Exception <a 'java/lang/ClassNotFoundException': org/springframework/data/mongodb/core/convert/MongoConverterCustomizer> (0x00000000d814dc60) thrown at [C:\re\workspace\8-2-build-windows-amd64-cygwin\jdk8u181\11358\hotspot\src\share\vm\classfile\systemDic
Event: 5.644 Thread 0x000000001dc44000 Exception <a 'java/lang/ClassNotFoundException': org/springframework/beans/factory/InitializingBeanCustomizer> (0x00000000d81638d8) thrown at [C:\re\workspace\8-2-build-windows-amd64-cygwin\jdk8u181\11358\hotspot\src\share\vm\classfile\systemDictionary.cp

Events (10 events):
Event: 5.739 loading class com/mongodb/ClientSessionBinding$SessionBindingConnectionSource
Event: 5.739 loading class com/mongodb/ClientSessionBinding$SessionBindingConnectionSource done
Event: 5.739 loading class com/mongodb/binding/ClusterBinding$ClusterBindingConnectionSource
Event: 5.739 loading class com/mongodb/binding/ClusterBinding$ClusterBindingConnectionSource done
Event: 5.740 loading class com/mongodb/selector/WritableServerSelector
Event: 5.740 loading class com/mongodb/selector/WritableServerSelector done
Event: 5.740 loading class com/mongodb/selector/CompositeServerSelector
Event: 5.740 loading class com/mongodb/selector/CompositeServerSelector done
Event: 5.741 loading class com/mongodb/connection/ClusterDescription$3
Event: 5.741 loading class com/mongodb/connection/ClusterDescription$3 done


Dynamic libraries:
0x00007ff668680000 - 0x00007ff6686b7000 	C:\Program Files\Java\jdk1.8.0_181\bin\java.exe
0x00007ff8a6520000 - 0x00007ff8a6701000 	C:\WINDOWS\SYSTEM32\ntdll.dll
0x00007ff8a3bd0000 - 0x00007ff8a3c82000 	C:\WINDOWS\System32\KERNEL32.DLL
0x00007ff8a3440000 - 0x00007ff8a36b3000 	C:\WINDOWS\System32\KERNELBASE.dll
0x00007ff8a4940000 - 0x00007ff8a49e1000 	C:\WINDOWS\System32\ADVAPI32.dll
0x00007ff8a3a10000 - 0x00007ff8a3aae000 	C:\WINDOWS\System32\msvcrt.dll
0x00007ff8a3e20000 - 0x00007ff8a3e7b000 	C:\WINDOWS\System32\sechost.dll
0x00007ff8a3f20000 - 0x00007ff8a4044000 	C:\WINDOWS\System32\RPCRT4.dll
0x00007ff8a6360000 - 0x00007ff8a64f0000 	C:\WINDOWS\System32\USER32.dll
0x00007ff8a3320000 - 0x00007ff8a3340000 	C:\WINDOWS\System32\win32u.dll
0x00007ff8a3ab0000 - 0x00007ff8a3ad8000 	C:\WINDOWS\System32\GDI32.dll
0x00007ff8a28f0000 - 0x00007ff8a2a82000 	C:\WINDOWS\System32\gdi32full.dll
0x00007ff8a3340000 - 0x00007ff8a33df000 	C:\WINDOWS\System32\msvcp_win.dll
0x00007ff8a3220000 - 0x00007ff8a331a000 	C:\WINDOWS\System32\ucrtbase.dll
0x00007ff892eb0000 - 0x00007ff893119000 	C:\WINDOWS\WinSxS\amd64_microsoft.windows.common-controls_6595b64144ccf1df_6.0.17134.320_none_fb3d992f3069e403\COMCTL32.dll
0x00007ff8a43c0000 - 0x00007ff8a46e3000 	C:\WINDOWS\System32\combase.dll
0x00007ff8a31a0000 - 0x00007ff8a321a000 	C:\WINDOWS\System32\bcryptPrimitives.dll
0x00007ff8a4ef0000 - 0x00007ff8a4f1d000 	C:\WINDOWS\System32\IMM32.DLL
0x00000000681f0000 - 0x00000000682c2000 	C:\Program Files\Java\jdk1.8.0_181\jre\bin\msvcr100.dll
0x0000000067940000 - 0x00000000681e2000 	C:\Program Files\Java\jdk1.8.0_181\jre\bin\server\jvm.dll
0x00007ff8a3c90000 - 0x00007ff8a3c98000 	C:\WINDOWS\System32\PSAPI.DLL
0x00007ff894c60000 - 0x00007ff894c69000 	C:\WINDOWS\SYSTEM32\WSOCK32.dll
0x00007ff895420000 - 0x00007ff89542a000 	C:\WINDOWS\SYSTEM32\VERSION.dll
0x00007ff8a08b0000 - 0x00007ff8a08d3000 	C:\WINDOWS\SYSTEM32\WINMM.dll
0x00007ff8a4060000 - 0x00007ff8a40cc000 	C:\WINDOWS\System32\WS2_32.dll
0x00007ff8a0880000 - 0x00007ff8a08aa000 	C:\WINDOWS\SYSTEM32\WINMMBASE.dll
0x00007ff8a3960000 - 0x00007ff8a39a9000 	C:\WINDOWS\System32\cfgmgr32.dll
0x0000000067930000 - 0x000000006793f000 	C:\Program Files\Java\jdk1.8.0_181\jre\bin\verify.dll
0x0000000067900000 - 0x0000000067929000 	C:\Program Files\Java\jdk1.8.0_181\jre\bin\java.dll
0x00000000678e0000 - 0x00000000678f6000 	C:\Program Files\Java\jdk1.8.0_181\jre\bin\zip.dll
0x00007ff8a4f20000 - 0x00007ff8a635f000 	C:\WINDOWS\System32\SHELL32.dll
0x00007ff8a4e40000 - 0x00007ff8a4ee9000 	C:\WINDOWS\System32\shcore.dll
0x00007ff8a2a90000 - 0x00007ff8a319d000 	C:\WINDOWS\System32\windows.storage.dll
0x00007ff8a3b70000 - 0x00007ff8a3bc1000 	C:\WINDOWS\System32\shlwapi.dll
0x00007ff8a28a0000 - 0x00007ff8a28b1000 	C:\WINDOWS\System32\kernel.appcore.dll
0x00007ff8a2880000 - 0x00007ff8a289f000 	C:\WINDOWS\System32\profapi.dll
0x00007ff8a2830000 - 0x00007ff8a287c000 	C:\WINDOWS\System32\powrprof.dll
0x00007ff8a28e0000 - 0x00007ff8a28ea000 	C:\WINDOWS\System32\FLTLIB.DLL
0x0000000067890000 - 0x000000006789d000 	C:\Program Files\Java\jdk1.8.0_181\jre\bin\management.dll
0x00000000678c0000 - 0x00000000678da000 	C:\Program Files\Java\jdk1.8.0_181\jre\bin\net.dll
0x00007ff8a2050000 - 0x00007ff8a20b6000 	C:\WINDOWS\system32\mswsock.dll
0x00007ff892250000 - 0x00007ff892266000 	C:\WINDOWS\system32\napinsp.dll
0x00007ff890830000 - 0x00007ff89084a000 	C:\WINDOWS\system32\pnrpnsp.dll
0x00007ff89efb0000 - 0x00007ff89efc9000 	C:\WINDOWS\system32\NLAapi.dll
0x00007ff8a1e10000 - 0x00007ff8a1ece000 	C:\WINDOWS\SYSTEM32\DNSAPI.dll
0x00007ff8a4050000 - 0x00007ff8a4058000 	C:\WINDOWS\System32\NSI.dll
0x00007ff8a1dd0000 - 0x00007ff8a1e08000 	C:\WINDOWS\SYSTEM32\IPHLPAPI.DLL
0x00007ff894430000 - 0x00007ff89443e000 	C:\WINDOWS\System32\winrnr.dll
0x00007ff897ed0000 - 0x00007ff897eda000 	C:\Windows\System32\rasadhlp.dll
0x00007ff898ad0000 - 0x00007ff898b42000 	C:\WINDOWS\System32\fwpuclnt.dll
0x00007ff8a2330000 - 0x00007ff8a2355000 	C:\WINDOWS\SYSTEM32\bcrypt.dll
0x00000000678a0000 - 0x00000000678b1000 	C:\Program Files\Java\jdk1.8.0_181\jre\bin\nio.dll
0x00007ff8a2200000 - 0x00007ff8a2217000 	C:\WINDOWS\SYSTEM32\CRYPTSP.dll
0x00007ff8a1c30000 - 0x00007ff8a1c63000 	C:\WINDOWS\system32\rsaenh.dll
0x00007ff8a2730000 - 0x00007ff8a2758000 	C:\WINDOWS\SYSTEM32\USERENV.dll
0x00007ff8a2220000 - 0x00007ff8a222b000 	C:\WINDOWS\SYSTEM32\CRYPTBASE.dll
0x00007ff8982a0000 - 0x00007ff8982b6000 	C:\WINDOWS\SYSTEM32\dhcpcsvc6.DLL
0x00007ff898390000 - 0x00007ff8983aa000 	C:\WINDOWS\SYSTEM32\dhcpcsvc.DLL
0x0000000067860000 - 0x0000000067884000 	C:\Program Files\Java\jdk1.8.0_181\jre\bin\sunec.dll

VM Arguments:
jvm_args: -Dfile.encoding=windows-1252 -Duser.country=GB -Duser.language=en -Duser.variant 
java_command: com.example.loginauthendtoend.LoginauthendtoendApplication
java_class_path (initial): C:\Users\Jonathan_Poh\e2e Projects\loginauthendtoend\loginauthendtoend\build\classes\java\main;C:\Users\Jonathan_Poh\e2e Projects\loginauthendtoend\loginauthendtoend\build\resources\main;C:\Users\Jonathan_Poh\.gradle\caches\modules-2\files-2.1\org.springframework.boot\spring-boot-starter-data-mongodb\2.0.5.RELEASE\cabe02c0caadeb6ee84eff3b63f05ae3bd7cbeab\spring-boot-starter-data-mongodb-2.0.5.RELEASE.jar;C:\Users\Jonathan_Poh\.gradle\caches\modules-2\files-2.1\org.springframework.boot\spring-boot-starter-security\2.0.5.RELEASE\5a53ddfd9ebd108f914f390981d992bacabf29d3\spring-boot-starter-security-2.0.5.RELEASE.jar;C:\Users\Jonathan_Poh\.gradle\caches\modules-2\files-2.1\org.springframework.boot\spring-boot-starter-web\2.0.5.RELEASE\52daa1f1509bd637a737206e54c06a17aabb9504\spring-boot-starter-web-2.0.5.RELEASE.jar;C:\Users\Jonathan_Poh\.gradle\caches\modules-2\files-2.1\io.jsonwebtoken\jjwt\0.9.0\64e3ed8a5f0bc93ecea592a0b3280f995efbdfe9\jjwt-0.9.0.jar;C:\Users\Jonathan_Poh\.gradle\caches\modules-2\files-2.1\org.springframework.boot\spring-boot-starter-json\2.0.5.RELEASE\d0052ded4733ceb1fb7d927238f22f9a92099227\spring-boot-starter-json-2.0.5.RELEASE.jar;C:\Users\Jonathan_Poh\.gradle\caches\modules-2\files-2.1\org.springframework.boot\spring-boot-starter\2.0.5.RELEASE\1f53487a373be18d064a5815e9bac9882ef15cdc\spring-boot-starter-2.0.5.RELEASE.jar;C:\Users\Jonathan_Poh\.gradle\caches\modules-2\files-2.1\org.mongodb\mongodb-driver\3.6.4\4ddaa4520e9b3a9255ae138f782d73432be6787d\mongodb-driver-3.6.4.jar;C:\Users\Jonathan_Poh\.gradle\caches\modules-2\files-2.1\org.springframework.data\spring-data-mongodb\2.0.10.RELEASE\14728aabbbf075f0dd1e825d7203fcc5ac22eb3f\spring-data-mongodb-2.0.10.RELEASE.jar;C:\Users\Jonathan_Poh\.gradle\caches\modules-2\files-2.1\org.springframework.security\spring-security-config\5.0.8.RELEASE\83a070861ad63c0dd5660d4529b9c37a3c9e3c50\spring-security-config-5.0.8.RELEASE.jar;C:\Users\Jonathan_Poh\.gradle\caches\modules-2\fi
Launcher Type: SUN_STANDARD

Environment Variables:
JAVA_HOME=C:\Program Files\Java\jdk1.8.0_181
JRE_HOME=C:\Program Files\Java\jdk1.8.0_181\jre
CLASSPATH=C:\Users\Jonathan_Poh\e2e Projects\loginauthendtoend\loginauthendtoend\\gradle\wrapper\gradle-wrapper.jar
PATH=C:\Program Files (x86)\Common Files\Oracle\Java\javapath;C:\Program Files (x86)\Intel\iCLS Client\;C:\Program Files\Intel\iCLS Client\;C:\WINDOWS\system32;C:\WINDOWS;C:\WINDOWS\System32\Wbem;C:\WINDOWS\System32\WindowsPowerShell\v1.0\;C:\Program Files (x86)\QuickTime\QTSystem\;C:\WINDOWS\system32\config\systemprofile\.dnx\bin;C:\Program Files\Microsoft DNX\Dnvm\;C:\Program Files\Microsoft SQL Server\130\Tools\Binn\;C:\Program Files (x86)\Windows Kits\10\Windows Performance Toolkit\;C:\MinGW\bin\;C:\MinGW\msys\1.0\bin\;C:\Program Files\Git\cmd;C:\Program Files\nodejs\;C:\WINDOWS\System32\OpenSSH\;C:\Users\Jonathan_Poh\AppData\Local\Microsoft\WindowsApps;C:\Users\Jonathan_Poh\AppData\Roaming\npm;C:\Program Files\Java\jdk1.8.0_181\bin;
USERNAME=Jonathan_Poh
OS=Windows_NT
PROCESSOR_IDENTIFIER=Intel64 Family 6 Model 61 Stepping 4, GenuineIntel



---------------  S Y S T E M  ---------------

OS: Windows 10.0 , 64 bit Build 17134 (10.0.17134.1)

CPU:total 4 (initial active 4) (2 cores per cpu, 2 threads per core) family 6 model 61 stepping 4, cmov, cx8, fxsr, mmx, sse, sse2, sse3, ssse3, sse4.1, sse4.2, popcnt, avx, avx2, aes, clmul, erms, 3dnowpref, lzcnt, ht, tsc, tscinvbit, bmi1, bmi2, adx

Memory: 4k page, physical 8288672k(411528k free), swap 19310736k(5212k free)

vm_info: Java HotSpot(TM) 64-Bit Server VM (25.181-b13) for windows-amd64 JRE (1.8.0_181-b13), built on Jul  7 2018 04:01:33 by "java_re" with MS VC++ 10.0 (VS2010)

time: Tue Oct 09 22:58:49 2018
elapsed time: 5 seconds (0d 0h 0m 5s)

