#
# There is insufficient memory for the Java Runtime Environment to continue.
# Native memory allocation (malloc) failed to allocate 251008 bytes for Chunk::new
# Possible reasons:
#   The system is out of physical RAM or swap space
#   In 32 bit mode, the process size limit was hit
# Possible solutions:
#   Reduce memory load on the system
#   Increase physical memory or swap space
#   Check if swap backing store is full
#   Use 64 bit Java on a 64 bit OS
#   Decrease Java heap size (-Xmx/-Xms)
#   Decrease number of Java threads
#   Decrease Java thread stack sizes (-Xss)
#   Set larger code cache with -XX:ReservedCodeCacheSize=
# This output file may be truncated or incomplete.
#
#  Out of Memory Error (allocation.cpp:390), pid=10028, tid=0x0000000000004248
#
# JRE version: Java(TM) SE Runtime Environment (8.0_181-b13) (build 1.8.0_181-b13)
# Java VM: Java HotSpot(TM) 64-Bit Server VM (25.181-b13 mixed mode windows-amd64 compressed oops)
# Failed to write core dump. Minidumps are not enabled by default on client versions of Windows
#

---------------  T H R E A D  ---------------

Current thread (0x00000000178a3000):  JavaThread "C2 CompilerThread0" daemon [_thread_in_native, id=16968, stack(0x0000000018ee0000,0x0000000018fe0000)]

Stack: [0x0000000018ee0000,0x0000000018fe0000]
[error occurred during error reporting (printing stack bounds), id 0xc0000005]

Native frames: (J=compiled Java code, j=interpreted, Vv=VM code, C=native code)


Current CompileTask:
C2:   7332 3834       4       java.lang.Class::getMethod0 (40 bytes)


---------------  P R O C E S S  ---------------

Java Threads: ( => current thread )
  0x000000001b26c000 JavaThread "CleanCursors-1-thread-1" daemon [_thread_blocked, id=3756, stack(0x0000000020180000,0x0000000020280000)]
  0x00000000199fd000 JavaThread "cluster-ClusterId{value='5bbdef45585843272c6fe58e', description='null'}-localhost:27017" daemon [_thread_blocked, id=6312, stack(0x0000000020080000,0x0000000020180000)]
  0x000000001dc30000 JavaThread "localhost-startStop-1" daemon [_thread_in_vm, id=16260, stack(0x000000001f8a0000,0x000000001f9a0000)]
  0x000000001e3ce800 JavaThread "Tomcat-startStop-1" daemon [_thread_blocked, id=1772, stack(0x000000001f7a0000,0x000000001f8a0000)]
  0x0000000019210800 JavaThread "Service Thread" daemon [_thread_blocked, id=8264, stack(0x00000000195e0000,0x00000000196e0000)]
  0x0000000017895800 JavaThread "C1 CompilerThread2" daemon [_thread_blocked, id=13536, stack(0x00000000190e0000,0x00000000191e0000)]
  0x000000001788f800 JavaThread "C2 CompilerThread1" daemon [_thread_in_native, id=8352, stack(0x0000000018fe0000,0x00000000190e0000)]
=>0x00000000178a3000 JavaThread "C2 CompilerThread0" daemon [_thread_in_native, id=16968, stack(0x0000000018ee0000,0x0000000018fe0000)]
  0x000000001789f800 JavaThread "Attach Listener" daemon [_thread_blocked, id=11448, stack(0x0000000018de0000,0x0000000018ee0000)]
  0x000000001789e800 JavaThread "Signal Dispatcher" daemon [_thread_blocked, id=7880, stack(0x0000000018ce0000,0x0000000018de0000)]
  0x0000000002d3b000 JavaThread "Finalizer" daemon [_thread_blocked, id=17376, stack(0x0000000018af0000,0x0000000018bf0000)]
  0x0000000002d38000 JavaThread "Reference Handler" daemon [_thread_blocked, id=9380, stack(0x00000000189f0000,0x0000000018af0000)]
  0x0000000002c46000 JavaThread "main" [_thread_blocked, id=536, stack(0x0000000002b40000,0x0000000002c40000)]

Other Threads:
  0x0000000017857800 VMThread [stack: 0x00000000188f0000,0x00000000189f0000] [id=13652]
  0x00000000178ec800 WatcherThread [stack: 0x00000000196e0000,0x00000000197e0000] [id=15348]

VM state:not at safepoint (normal execution)

VM Mutex/Monitor currently owned by a thread: None

Heap:
 PSYoungGen      total 119808K, used 36229K [0x00000000d5d80000, 0x00000000e2180000, 0x0000000100000000)
  eden space 107520K, 33% used [0x00000000d5d80000,0x00000000d80e15b0,0x00000000dc680000)
  from space 12288K, 0% used [0x00000000dc680000,0x00000000dc680000,0x00000000dd280000)
  to   space 14336K, 0% used [0x00000000e1380000,0x00000000e1380000,0x00000000e2180000)
 ParOldGen       total 88576K, used 18170K [0x0000000081800000, 0x0000000086e80000, 0x00000000d5d80000)
  object space 88576K, 20% used [0x0000000081800000,0x00000000829bea70,0x0000000086e80000)
 Metaspace       used 37518K, capacity 39206K, committed 39344K, reserved 1083392K
  class space    used 4920K, capacity 5226K, committed 5296K, reserved 1048576K

Card table byte_map: [0x0000000012100000,0x0000000012500000] byte_map_base: 0x0000000011cf4000

Marking Bits: (ParMarkBitMap*) 0x0000000068d82d00
 Begin Bits: [0x0000000012bb0000, 0x0000000014b50000)
 End Bits:   [0x0000000014b50000, 0x0000000016af0000)

Polling page: 0x0000000002940000

CodeCache: size=245760Kb used=11736Kb max_used=11736Kb free=234023Kb
 bounds [0x0000000002d40000, 0x00000000038e0000, 0x0000000011d40000]
 total_blobs=3862 nmethods=3432 adapters=342
 compilation: enabled

Compilation events (10 events):
Event: 7.317 Thread 0x0000000017895800 3890       3       sun.reflect.generics.tree.TypeVariableSignature::<init> (10 bytes)
Event: 7.317 Thread 0x0000000017895800 nmethod 3890 0x0000000002ebbbd0 code [0x0000000002ebbd20, 0x0000000002ebbef0]
Event: 7.317 Thread 0x0000000017895800 3891       3       sun.reflect.generics.scope.AbstractScope::lookup (66 bytes)
Event: 7.318 Thread 0x0000000017895800 nmethod 3891 0x0000000002ebae90 code [0x0000000002ebb060, 0x0000000002ebb8a8]
Event: 7.318 Thread 0x0000000017895800 3893       3       org.springframework.core.BridgeMethodResolver::findBridgedMethod (106 bytes)
Event: 7.319 Thread 0x0000000017895800 nmethod 3893 0x0000000002eb9050 code [0x0000000002eb92c0, 0x0000000002eba4f8]
Event: 7.319 Thread 0x0000000017895800 3892       3       sun.reflect.generics.tree.TypeVariableSignature::make (9 bytes)
Event: 7.319 Thread 0x0000000017895800 nmethod 3892 0x0000000002eb8b90 code [0x0000000002eb8d00, 0x0000000002eb8f50]
Event: 7.322 Thread 0x0000000017895800 3894       3       sun.reflect.generics.tree.BottomSignature::make (4 bytes)
Event: 7.322 Thread 0x0000000017895800 nmethod 3894 0x0000000002eb8890 code [0x0000000002eb89e0, 0x0000000002eb8b10]

GC Heap History (10 events):
Event: 2.826 GC heap before
{Heap before GC invocations=5 (full 1):
 PSYoungGen      total 71680K, used 5096K [0x00000000d5d80000, 0x00000000da880000, 0x0000000100000000)
  eden space 66560K, 0% used [0x00000000d5d80000,0x00000000d5d80000,0x00000000d9e80000)
  from space 5120K, 99% used [0x00000000da380000,0x00000000da87a3c8,0x00000000da880000)
  to   space 5120K, 0% used [0x00000000d9e80000,0x00000000d9e80000,0x00000000da380000)
 ParOldGen       total 87552K, used 5449K [0x0000000081800000, 0x0000000086d80000, 0x00000000d5d80000)
  object space 87552K, 6% used [0x0000000081800000,0x0000000081d52440,0x0000000086d80000)
 Metaspace       used 20616K, capacity 21180K, committed 21296K, reserved 1067008K
  class space    used 2648K, capacity 2821K, committed 2864K, reserved 1048576K
Event: 2.862 GC heap after
Heap after GC invocations=5 (full 1):
 PSYoungGen      total 71680K, used 0K [0x00000000d5d80000, 0x00000000da880000, 0x0000000100000000)
  eden space 66560K, 0% used [0x00000000d5d80000,0x00000000d5d80000,0x00000000d9e80000)
  from space 5120K, 0% used [0x00000000da380000,0x00000000da380000,0x00000000da880000)
  to   space 5120K, 0% used [0x00000000d9e80000,0x00000000d9e80000,0x00000000da380000)
 ParOldGen       total 54272K, used 6731K [0x0000000081800000, 0x0000000084d00000, 0x00000000d5d80000)
  object space 54272K, 12% used [0x0000000081800000,0x0000000081e92e48,0x0000000084d00000)
 Metaspace       used 20616K, capacity 21180K, committed 21296K, reserved 1067008K
  class space    used 2648K, capacity 2821K, committed 2864K, reserved 1048576K
}
Event: 4.036 GC heap before
{Heap before GC invocations=6 (full 1):
 PSYoungGen      total 71680K, used 66560K [0x00000000d5d80000, 0x00000000da880000, 0x0000000100000000)
  eden space 66560K, 100% used [0x00000000d5d80000,0x00000000d9e80000,0x00000000d9e80000)
  from space 5120K, 0% used [0x00000000da380000,0x00000000da380000,0x00000000da880000)
  to   space 5120K, 0% used [0x00000000d9e80000,0x00000000d9e80000,0x00000000da380000)
 ParOldGen       total 54272K, used 6731K [0x0000000081800000, 0x0000000084d00000, 0x00000000d5d80000)
  object space 54272K, 12% used [0x0000000081800000,0x0000000081e92e48,0x0000000084d00000)
 Metaspace       used 26715K, capacity 27680K, committed 27824K, reserved 1073152K
  class space    used 3455K, capacity 3683K, committed 3760K, reserved 1048576K
Event: 4.053 GC heap after
Heap after GC invocations=6 (full 1):
 PSYoungGen      total 71680K, used 5098K [0x00000000d5d80000, 0x00000000ddb80000, 0x0000000100000000)
  eden space 66560K, 0% used [0x00000000d5d80000,0x00000000d5d80000,0x00000000d9e80000)
  from space 5120K, 99% used [0x00000000d9e80000,0x00000000da37a838,0x00000000da380000)
  to   space 9216K, 0% used [0x00000000dd280000,0x00000000dd280000,0x00000000ddb80000)
 ParOldGen       total 54272K, used 9522K [0x0000000081800000, 0x0000000084d00000, 0x00000000d5d80000)
  object space 54272K, 17% used [0x0000000081800000,0x000000008214ca38,0x0000000084d00000)
 Metaspace       used 26715K, capacity 27680K, committed 27824K, reserved 1073152K
  class space    used 3455K, capacity 3683K, committed 3760K, reserved 1048576K
}
Event: 5.189 GC heap before
{Heap before GC invocations=7 (full 1):
 PSYoungGen      total 71680K, used 71658K [0x00000000d5d80000, 0x00000000ddb80000, 0x0000000100000000)
  eden space 66560K, 100% used [0x00000000d5d80000,0x00000000d9e80000,0x00000000d9e80000)
  from space 5120K, 99% used [0x00000000d9e80000,0x00000000da37a838,0x00000000da380000)
  to   space 9216K, 0% used [0x00000000dd280000,0x00000000dd280000,0x00000000ddb80000)
 ParOldGen       total 54272K, used 9522K [0x0000000081800000, 0x0000000084d00000, 0x00000000d5d80000)
  object space 54272K, 17% used [0x0000000081800000,0x000000008214ca38,0x0000000084d00000)
 Metaspace       used 31012K, capacity 32238K, committed 32432K, reserved 1077248K
  class space    used 4025K, capacity 4266K, committed 4272K, reserved 1048576K
Event: 5.202 GC heap after
Heap after GC invocations=7 (full 1):
 PSYoungGen      total 116736K, used 9201K [0x00000000d5d80000, 0x00000000ddf80000, 0x0000000100000000)
  eden space 107520K, 0% used [0x00000000d5d80000,0x00000000d5d80000,0x00000000dc680000)
  from space 9216K, 99% used [0x00000000dd280000,0x00000000ddb7c710,0x00000000ddb80000)
  to   space 12288K, 0% used [0x00000000dc680000,0x00000000dc680000,0x00000000dd280000)
 ParOldGen       total 54272K, used 12876K [0x0000000081800000, 0x0000000084d00000, 0x00000000d5d80000)
  object space 54272K, 23% used [0x0000000081800000,0x0000000082493070,0x0000000084d00000)
 Metaspace       used 31012K, capacity 32238K, committed 32432K, reserved 1077248K
  class space    used 4025K, capacity 4266K, committed 4272K, reserved 1048576K
}
Event: 6.461 GC heap before
{Heap before GC invocations=8 (full 1):
 PSYoungGen      total 116736K, used 42354K [0x00000000d5d80000, 0x00000000ddf80000, 0x0000000100000000)
  eden space 107520K, 30% used [0x00000000d5d80000,0x00000000d7de0100,0x00000000dc680000)
  from space 9216K, 99% used [0x00000000dd280000,0x00000000ddb7c710,0x00000000ddb80000)
  to   space 12288K, 0% used [0x00000000dc680000,0x00000000dc680000,0x00000000dd280000)
 ParOldGen       total 54272K, used 12876K [0x0000000081800000, 0x0000000084d00000, 0x00000000d5d80000)
  object space 54272K, 23% used [0x0000000081800000,0x0000000082493070,0x0000000084d00000)
 Metaspace       used 34055K, capacity 35410K, committed 35496K, reserved 1081344K
  class space    used 4369K, capacity 4620K, committed 4656K, reserved 1048576K
Event: 6.476 GC heap after
Heap after GC invocations=8 (full 1):
 PSYoungGen      total 119808K, used 12277K [0x00000000d5d80000, 0x00000000e2180000, 0x0000000100000000)
  eden space 107520K, 0% used [0x00000000d5d80000,0x00000000d5d80000,0x00000000dc680000)
  from space 12288K, 99% used [0x00000000dc680000,0x00000000dd27d518,0x00000000dd280000)
  to   space 14336K, 0% used [0x00000000e1380000,0x00000000e1380000,0x00000000e2180000)
 ParOldGen       total 54272K, used 13384K [0x0000000081800000, 0x0000000084d00000, 0x00000000d5d80000)
  object space 54272K, 24% used [0x0000000081800000,0x00000000825122f0,0x0000000084d00000)
 Metaspace       used 34055K, capacity 35410K, committed 35496K, reserved 1081344K
  class space    used 4369K, capacity 4620K, committed 4656K, reserved 1048576K
}
Event: 6.476 GC heap before
{Heap before GC invocations=9 (full 2):
 PSYoungGen      total 119808K, used 12277K [0x00000000d5d80000, 0x00000000e2180000, 0x0000000100000000)
  eden space 107520K, 0% used [0x00000000d5d80000,0x00000000d5d80000,0x00000000dc680000)
  from space 12288K, 99% used [0x00000000dc680000,0x00000000dd27d518,0x00000000dd280000)
  to   space 14336K, 0% used [0x00000000e1380000,0x00000000e1380000,0x00000000e2180000)
 ParOldGen       total 54272K, used 13384K [0x0000000081800000, 0x0000000084d00000, 0x00000000d5d80000)
  object space 54272K, 24% used [0x0000000081800000,0x00000000825122f0,0x0000000084d00000)
 Metaspace       used 34055K, capacity 35410K, committed 35496K, reserved 1081344K
  class space    used 4369K, capacity 4620K, committed 4656K, reserved 1048576K
Event: 6.556 GC heap after
Heap after GC invocations=9 (full 2):
 PSYoungGen      total 119808K, used 0K [0x00000000d5d80000, 0x00000000e2180000, 0x0000000100000000)
  eden space 107520K, 0% used [0x00000000d5d80000,0x00000000d5d80000,0x00000000dc680000)
  from space 12288K, 0% used [0x00000000dc680000,0x00000000dc680000,0x00000000dd280000)
  to   space 14336K, 0% used [0x00000000e1380000,0x00000000e1380000,0x00000000e2180000)
 ParOldGen       total 88576K, used 18170K [0x0000000081800000, 0x0000000086e80000, 0x00000000d5d80000)
  object space 88576K, 20% used [0x0000000081800000,0x00000000829bea70,0x0000000086e80000)
 Metaspace       used 34055K, capacity 35410K, committed 35496K, reserved 1081344K
  class space    used 4369K, capacity 4620K, committed 4656K, reserved 1048576K
}

Deoptimization events (10 events):
Event: 6.976 Thread 0x00000000199fd000 Uncommon trap: reason=unstable_if action=reinterpret pc=0x0000000002f9a6dc method=java.lang.CharacterDataLatin1.digit(II)I @ 82
Event: 6.980 Thread 0x00000000199fd000 Uncommon trap: reason=class_check action=maybe_recompile pc=0x000000000389e720 method=java.util.Properties$LineReader.readLine()I @ 62
Event: 6.980 Thread 0x00000000199fd000 Uncommon trap: reason=unstable_if action=reinterpret pc=0x0000000003862a0c method=java.util.Properties$LineReader.readLine()I @ 174
Event: 7.016 Thread 0x000000001dc30000 Uncommon trap: reason=class_check action=maybe_recompile pc=0x0000000003070098 method=java.util.regex.Pattern$Curly.match(Ljava/util/regex/Matcher;ILjava/lang/CharSequence;)Z @ 19
Event: 7.105 Thread 0x000000001dc30000 Uncommon trap: reason=unstable_if action=reinterpret pc=0x00000000032293f4 method=sun.text.normalizer.Trie.getCodePointOffset(I)I @ 9
Event: 7.108 Thread 0x000000001dc30000 Uncommon trap: reason=unstable_if action=reinterpret pc=0x0000000002fd9db0 method=java.lang.Character.isHighSurrogate(C)Z @ 3
Event: 7.172 Thread 0x000000001dc30000 Uncommon trap: reason=unstable_if action=reinterpret pc=0x00000000038a92e0 method=java.util.Arrays.equals([B[B)Z @ 2
Event: 7.270 Thread 0x000000001dc30000 Uncommon trap: reason=unstable_if action=reinterpret pc=0x0000000003232188 method=org.springframework.util.ConcurrentReferenceHashMap$Segment.restructureIfNecessary(Z)V @ 33
Event: 7.316 Thread 0x000000001dc30000 Uncommon trap: reason=unstable_if action=reinterpret pc=0x0000000003703074 method=java.lang.Class$MethodArray.addIfNotPresent(Ljava/lang/reflect/Method;)V @ 19
Event: 7.316 Thread 0x000000001dc30000 Uncommon trap: reason=unstable_if action=reinterpret pc=0x000000000310e798 method=org.springframework.core.BridgeMethodResolver.isBridgedCandidateFor(Ljava/lang/reflect/Method;Ljava/lang/reflect/Method;)Z @ 37

Classes redefined (0 events):
No events

Internal exceptions (10 events):
Event: 7.256 Thread 0x000000001dc30000 Exception <a 'java/lang/NoSuchMethodError': java.lang.Object.fromNullable(Ljava/lang/Object;)Ljava/util/stream/Stream;> (0x00000000d7cb7038) thrown at [C:\re\workspace\8-2-build-windows-amd64-cygwin\jdk8u181\11358\hotspot\src\share\vm\interpreter\linkReso
Event: 7.270 Thread 0x000000001dc30000 Exception <a 'java/lang/ClassNotFoundException': java/lang/ObjectCustomizer> (0x00000000d7d680e8) thrown at [C:\re\workspace\8-2-build-windows-amd64-cygwin\jdk8u181\11358\hotspot\src\share\vm\classfile\systemDictionary.cpp, line 210]
Event: 7.272 Thread 0x000000001dc30000 Exception <a 'java/lang/ClassNotFoundException': com/example/loginauthendtoend/model/CxxxRoleCustomizer> (0x00000000d7d7f238) thrown at [C:\re\workspace\8-2-build-windows-amd64-cygwin\jdk8u181\11358\hotspot\src\share\vm\classfile\systemDictionary.cpp, lin
Event: 7.319 Thread 0x000000001dc30000 Exception <a 'java/lang/ClassNotFoundException': java/lang/ObjectCustomizer> (0x00000000d80091a0) thrown at [C:\re\workspace\8-2-build-windows-amd64-cygwin\jdk8u181\11358\hotspot\src\share\vm\classfile\systemDictionary.cpp, line 210]
Event: 7.321 Thread 0x000000001dc30000 Exception <a 'java/lang/ClassNotFoundException': org/springframework/data/mongodb/core/convert/AbstractMongoConverterCustomizer> (0x00000000d8024760) thrown at [C:\re\workspace\8-2-build-windows-amd64-cygwin\jdk8u181\11358\hotspot\src\share\vm\classfile\s
Event: 7.322 Thread 0x000000001dc30000 Exception <a 'java/lang/ClassNotFoundException': org/springframework/data/mongodb/core/convert/MappingMongoConverterCustomizer> (0x00000000d8040fe8) thrown at [C:\re\workspace\8-2-build-windows-amd64-cygwin\jdk8u181\11358\hotspot\src\share\vm\classfile\sy
Event: 7.323 Thread 0x000000001dc30000 Exception <a 'java/lang/ClassNotFoundException': org/springframework/context/ApplicationContextAwareCustomizer> (0x00000000d8072320) thrown at [C:\re\workspace\8-2-build-windows-amd64-cygwin\jdk8u181\11358\hotspot\src\share\vm\classfile\systemDictionary.c
Event: 7.325 Thread 0x000000001dc30000 Exception <a 'java/lang/ClassNotFoundException': org/springframework/data/mongodb/core/convert/ValueResolverCustomizer> (0x00000000d8089f40) thrown at [C:\re\workspace\8-2-build-windows-amd64-cygwin\jdk8u181\11358\hotspot\src\share\vm\classfile\systemDict
Event: 7.326 Thread 0x000000001dc30000 Exception <a 'java/lang/ClassNotFoundException': org/springframework/data/mongodb/core/convert/MongoConverterCustomizer> (0x00000000d80a20d8) thrown at [C:\re\workspace\8-2-build-windows-amd64-cygwin\jdk8u181\11358\hotspot\src\share\vm\classfile\systemDic
Event: 7.327 Thread 0x000000001dc30000 Exception <a 'java/lang/ClassNotFoundException': org/springframework/beans/factory/InitializingBeanCustomizer> (0x00000000d80b7d38) thrown at [C:\re\workspace\8-2-build-windows-amd64-cygwin\jdk8u181\11358\hotspot\src\share\vm\classfile\systemDictionary.cp

Events (10 events):
Event: 7.326 loading class org/springframework/data/mongodb/core/convert/MongoConverterCustomizer
Event: 7.326 loading class org/springframework/data/mongodb/core/convert/MongoConverterCustomizer done
Event: 7.326 loading class org/springframework/beans/factory/InitializingBeanCustomizer
Event: 7.326 loading class org/springframework/beans/factory/InitializingBeanCustomizer done
Event: 7.327 loading class org/springframework/beans/factory/InitializingBeanCustomizer
Event: 7.327 loading class org/springframework/beans/factory/InitializingBeanCustomizer done
Event: 7.327 loading class org/springframework/beans/factory/InitializingBeanCustomizer
Event: 7.327 loading class org/springframework/beans/factory/InitializingBeanCustomizer done
Event: 7.327 loading class org/springframework/data/mongodb/core/convert/MongoConverters$ObjectIdToStringConverter
Event: 7.327 loading class org/springframework/data/mongodb/core/convert/MongoConverters$ObjectIdToStringConverter done


Dynamic libraries:
0x00007ff7a9ff0000 - 0x00007ff7aa027000 	C:\Program Files\Java\jdk1.8.0_181\bin\java.exe
0x00007ff8a6520000 - 0x00007ff8a6701000 	C:\WINDOWS\SYSTEM32\ntdll.dll
0x00007ff8a3bd0000 - 0x00007ff8a3c82000 	C:\WINDOWS\System32\KERNEL32.DLL
0x00007ff8a3440000 - 0x00007ff8a36b3000 	C:\WINDOWS\System32\KERNELBASE.dll
0x00007ff8a4940000 - 0x00007ff8a49e1000 	C:\WINDOWS\System32\ADVAPI32.dll
0x00007ff8a3a10000 - 0x00007ff8a3aae000 	C:\WINDOWS\System32\msvcrt.dll
0x00007ff8a3e20000 - 0x00007ff8a3e7b000 	C:\WINDOWS\System32\sechost.dll
0x00007ff8a3f20000 - 0x00007ff8a4044000 	C:\WINDOWS\System32\RPCRT4.dll
0x00007ff8a6360000 - 0x00007ff8a64f0000 	C:\WINDOWS\System32\USER32.dll
0x00007ff8a3320000 - 0x00007ff8a3340000 	C:\WINDOWS\System32\win32u.dll
0x00007ff8a3ab0000 - 0x00007ff8a3ad8000 	C:\WINDOWS\System32\GDI32.dll
0x00007ff8a28f0000 - 0x00007ff8a2a82000 	C:\WINDOWS\System32\gdi32full.dll
0x00007ff8a3340000 - 0x00007ff8a33df000 	C:\WINDOWS\System32\msvcp_win.dll
0x00007ff8a3220000 - 0x00007ff8a331a000 	C:\WINDOWS\System32\ucrtbase.dll
0x00007ff892eb0000 - 0x00007ff893119000 	C:\WINDOWS\WinSxS\amd64_microsoft.windows.common-controls_6595b64144ccf1df_6.0.17134.320_none_fb3d992f3069e403\COMCTL32.dll
0x00007ff8a43c0000 - 0x00007ff8a46e3000 	C:\WINDOWS\System32\combase.dll
0x00007ff8a31a0000 - 0x00007ff8a321a000 	C:\WINDOWS\System32\bcryptPrimitives.dll
0x00007ff8a4ef0000 - 0x00007ff8a4f1d000 	C:\WINDOWS\System32\IMM32.DLL
0x0000000068e10000 - 0x0000000068ee2000 	C:\Program Files\Java\jdk1.8.0_181\jre\bin\msvcr100.dll
0x0000000068560000 - 0x0000000068e02000 	C:\Program Files\Java\jdk1.8.0_181\jre\bin\server\jvm.dll
0x00007ff8a3c90000 - 0x00007ff8a3c98000 	C:\WINDOWS\System32\PSAPI.DLL
0x00007ff895420000 - 0x00007ff89542a000 	C:\WINDOWS\SYSTEM32\VERSION.dll
0x00007ff8a08b0000 - 0x00007ff8a08d3000 	C:\WINDOWS\SYSTEM32\WINMM.dll
0x00007ff894c60000 - 0x00007ff894c69000 	C:\WINDOWS\SYSTEM32\WSOCK32.dll
0x00007ff8a4060000 - 0x00007ff8a40cc000 	C:\WINDOWS\System32\WS2_32.dll
0x00007ff8a0880000 - 0x00007ff8a08aa000 	C:\WINDOWS\SYSTEM32\WINMMBASE.dll
0x00007ff8a3960000 - 0x00007ff8a39a9000 	C:\WINDOWS\System32\cfgmgr32.dll
0x0000000068550000 - 0x000000006855f000 	C:\Program Files\Java\jdk1.8.0_181\jre\bin\verify.dll
0x0000000068520000 - 0x0000000068549000 	C:\Program Files\Java\jdk1.8.0_181\jre\bin\java.dll
0x0000000068500000 - 0x0000000068516000 	C:\Program Files\Java\jdk1.8.0_181\jre\bin\zip.dll
0x00007ff8a4f20000 - 0x00007ff8a635f000 	C:\WINDOWS\System32\SHELL32.dll
0x00007ff8a4e40000 - 0x00007ff8a4ee9000 	C:\WINDOWS\System32\shcore.dll
0x00007ff8a2a90000 - 0x00007ff8a319d000 	C:\WINDOWS\System32\windows.storage.dll
0x00007ff8a3b70000 - 0x00007ff8a3bc1000 	C:\WINDOWS\System32\shlwapi.dll
0x00007ff8a28a0000 - 0x00007ff8a28b1000 	C:\WINDOWS\System32\kernel.appcore.dll
0x00007ff8a2880000 - 0x00007ff8a289f000 	C:\WINDOWS\System32\profapi.dll
0x00007ff8a2830000 - 0x00007ff8a287c000 	C:\WINDOWS\System32\powrprof.dll
0x00007ff8a28e0000 - 0x00007ff8a28ea000 	C:\WINDOWS\System32\FLTLIB.DLL
0x00000000684b0000 - 0x00000000684bd000 	C:\Program Files\Java\jdk1.8.0_181\jre\bin\management.dll
0x00000000684e0000 - 0x00000000684fa000 	C:\Program Files\Java\jdk1.8.0_181\jre\bin\net.dll
0x00007ff8a2050000 - 0x00007ff8a20b6000 	C:\WINDOWS\system32\mswsock.dll
0x00007ff88bd30000 - 0x00007ff88bd46000 	C:\WINDOWS\system32\napinsp.dll
0x00007ff88a280000 - 0x00007ff88a29a000 	C:\WINDOWS\system32\pnrpnsp.dll
0x00007ff89efb0000 - 0x00007ff89efc9000 	C:\WINDOWS\system32\NLAapi.dll
0x00007ff8a1e10000 - 0x00007ff8a1ece000 	C:\WINDOWS\SYSTEM32\DNSAPI.dll
0x00007ff8a4050000 - 0x00007ff8a4058000 	C:\WINDOWS\System32\NSI.dll
0x00007ff8a1dd0000 - 0x00007ff8a1e08000 	C:\WINDOWS\SYSTEM32\IPHLPAPI.DLL
0x00007ff893120000 - 0x00007ff89312e000 	C:\WINDOWS\System32\winrnr.dll
0x00007ff897ed0000 - 0x00007ff897eda000 	C:\Windows\System32\rasadhlp.dll
0x00007ff898ad0000 - 0x00007ff898b42000 	C:\WINDOWS\System32\fwpuclnt.dll
0x00007ff8a2330000 - 0x00007ff8a2355000 	C:\WINDOWS\SYSTEM32\bcrypt.dll
0x00000000684c0000 - 0x00000000684d1000 	C:\Program Files\Java\jdk1.8.0_181\jre\bin\nio.dll
0x00007ff8a2200000 - 0x00007ff8a2217000 	C:\WINDOWS\SYSTEM32\CRYPTSP.dll
0x00007ff8a1c30000 - 0x00007ff8a1c63000 	C:\WINDOWS\system32\rsaenh.dll
0x00007ff8a2730000 - 0x00007ff8a2758000 	C:\WINDOWS\SYSTEM32\USERENV.dll
0x00007ff8a2220000 - 0x00007ff8a222b000 	C:\WINDOWS\SYSTEM32\CRYPTBASE.dll
0x00007ff8982a0000 - 0x00007ff8982b6000 	C:\WINDOWS\SYSTEM32\dhcpcsvc6.DLL
0x00007ff898390000 - 0x00007ff8983aa000 	C:\WINDOWS\SYSTEM32\dhcpcsvc.DLL
0x0000000068480000 - 0x00000000684a4000 	C:\Program Files\Java\jdk1.8.0_181\jre\bin\sunec.dll

VM Arguments:
jvm_args: -Dfile.encoding=windows-1252 -Duser.country=GB -Duser.language=en -Duser.variant 
java_command: com.example.loginauthendtoend.LoginauthendtoendApplication
java_class_path (initial): C:\Users\Jonathan_Poh\e2e Projects\loginauthendtoend\loginauthendtoend\build\classes\java\main;C:\Users\Jonathan_Poh\e2e Projects\loginauthendtoend\loginauthendtoend\build\resources\main;C:\Users\Jonathan_Poh\.gradle\caches\modules-2\files-2.1\org.springframework.boot\spring-boot-starter-data-mongodb\2.0.5.RELEASE\cabe02c0caadeb6ee84eff3b63f05ae3bd7cbeab\spring-boot-starter-data-mongodb-2.0.5.RELEASE.jar;C:\Users\Jonathan_Poh\.gradle\caches\modules-2\files-2.1\org.springframework.boot\spring-boot-starter-security\2.0.5.RELEASE\5a53ddfd9ebd108f914f390981d992bacabf29d3\spring-boot-starter-security-2.0.5.RELEASE.jar;C:\Users\Jonathan_Poh\.gradle\caches\modules-2\files-2.1\org.springframework.boot\spring-boot-starter-web\2.0.5.RELEASE\52daa1f1509bd637a737206e54c06a17aabb9504\spring-boot-starter-web-2.0.5.RELEASE.jar;C:\Users\Jonathan_Poh\.gradle\caches\modules-2\files-2.1\io.jsonwebtoken\jjwt\0.9.0\64e3ed8a5f0bc93ecea592a0b3280f995efbdfe9\jjwt-0.9.0.jar;C:\Users\Jonathan_Poh\.gradle\caches\modules-2\files-2.1\org.springframework.boot\spring-boot-starter-json\2.0.5.RELEASE\d0052ded4733ceb1fb7d927238f22f9a92099227\spring-boot-starter-json-2.0.5.RELEASE.jar;C:\Users\Jonathan_Poh\.gradle\caches\modules-2\files-2.1\org.springframework.boot\spring-boot-starter\2.0.5.RELEASE\1f53487a373be18d064a5815e9bac9882ef15cdc\spring-boot-starter-2.0.5.RELEASE.jar;C:\Users\Jonathan_Poh\.gradle\caches\modules-2\files-2.1\org.mongodb\mongodb-driver\3.6.4\4ddaa4520e9b3a9255ae138f782d73432be6787d\mongodb-driver-3.6.4.jar;C:\Users\Jonathan_Poh\.gradle\caches\modules-2\files-2.1\org.springframework.data\spring-data-mongodb\2.0.10.RELEASE\14728aabbbf075f0dd1e825d7203fcc5ac22eb3f\spring-data-mongodb-2.0.10.RELEASE.jar;C:\Users\Jonathan_Poh\.gradle\caches\modules-2\files-2.1\org.springframework.security\spring-security-config\5.0.8.RELEASE\83a070861ad63c0dd5660d4529b9c37a3c9e3c50\spring-security-config-5.0.8.RELEASE.jar;C:\Users\Jonathan_Poh\.gradle\caches\modules-2\fi
Launcher Type: SUN_STANDARD

Environment Variables:
JAVA_HOME=C:\Program Files\Java\jdk1.8.0_181
JRE_HOME=C:\Program Files\Java\jdk1.8.0_181\jre
CLASSPATH=C:\Users\Jonathan_Poh\e2e Projects\loginauthendtoend\loginauthendtoend\\gradle\wrapper\gradle-wrapper.jar
PATH=C:\Program Files (x86)\Common Files\Oracle\Java\javapath;C:\Program Files (x86)\Intel\iCLS Client\;C:\Program Files\Intel\iCLS Client\;C:\WINDOWS\system32;C:\WINDOWS;C:\WINDOWS\System32\Wbem;C:\WINDOWS\System32\WindowsPowerShell\v1.0\;C:\Program Files (x86)\QuickTime\QTSystem\;C:\WINDOWS\system32\config\systemprofile\.dnx\bin;C:\Program Files\Microsoft DNX\Dnvm\;C:\Program Files\Microsoft SQL Server\130\Tools\Binn\;C:\Program Files (x86)\Windows Kits\10\Windows Performance Toolkit\;C:\MinGW\bin\;C:\MinGW\msys\1.0\bin\;C:\Program Files\Git\cmd;C:\Program Files\nodejs\;C:\WINDOWS\System32\OpenSSH\;C:\Users\Jonathan_Poh\AppData\Local\Microsoft\WindowsApps;C:\Users\Jonathan_Poh\AppData\Roaming\npm;C:\Program Files\Java\jdk1.8.0_181\bin;C:\Users\Jonathan_Poh\AppData\Local\GitHubDesktop\bin
USERNAME=Jonathan_Poh
OS=Windows_NT
PROCESSOR_IDENTIFIER=Intel64 Family 6 Model 61 Stepping 4, GenuineIntel



---------------  S Y S T E M  ---------------

OS: Windows 10.0 , 64 bit Build 17134 (10.0.17134.1)

CPU:total 4 (initial active 4) (2 cores per cpu, 2 threads per core) family 6 model 61 stepping 4, cmov, cx8, fxsr, mmx, sse, sse2, sse3, ssse3, sse4.1, sse4.2, popcnt, avx, avx2, aes, clmul, erms, 3dnowpref, lzcnt, ht, tsc, tscinvbit, bmi1, bmi2, adx

Memory: 4k page, physical 8288672k(1772336k free), swap 19310736k(5168k free)

vm_info: Java HotSpot(TM) 64-Bit Server VM (25.181-b13) for windows-amd64 JRE (1.8.0_181-b13), built on Jul  7 2018 04:01:33 by "java_re" with MS VC++ 10.0 (VS2010)

time: Wed Oct 10 20:23:33 2018
elapsed time: 7 seconds (0d 0h 0m 7s)

